Depth=      24 States=    1e+06 Transitions= 1.23e+06 Memory=   128.980	t=     1.03 R=   1e+06
Depth=      24 States=    2e+06 Transitions= 2.47e+06 Memory=   128.980	t=     1.98 R=   1e+06
Depth=      24 States=    3e+06 Transitions= 3.77e+06 Memory=   128.980	t=     2.81 R=   1e+06
Depth=      24 States=    4e+06 Transitions= 5.09e+06 Memory=   128.980	t=     3.82 R=   1e+06
Depth=      24 States=    5e+06 Transitions= 6.41e+06 Memory=   128.980	t=     4.89 R=   1e+06
Depth=      24 States=    6e+06 Transitions= 7.73e+06 Memory=   128.980	t=     5.79 R=   1e+06
Depth=      24 States=    7e+06 Transitions= 9.05e+06 Memory=   128.980	t=     6.76 R=   1e+06
Depth=      24 States=    8e+06 Transitions= 1.04e+07 Memory=   128.980	t=        8 R=   1e+06
Depth=      24 States=    9e+06 Transitions= 1.17e+07 Memory=   128.980	t=     9.39 R=   1e+06
Depth=      24 States=    1e+07 Transitions=  1.3e+07 Memory=   128.980	t=     10.7 R=   9e+05
Depth=      24 States=  1.1e+07 Transitions= 1.43e+07 Memory=   128.980	t=     11.9 R=   9e+05
Depth=      24 States=  1.2e+07 Transitions= 1.57e+07 Memory=   128.980	t=     13.1 R=   9e+05
Depth=      24 States=  1.3e+07 Transitions=  1.7e+07 Memory=   128.980	t=     14.2 R=   9e+05
Depth=      24 States=  1.4e+07 Transitions= 1.83e+07 Memory=   128.980	t=     15.3 R=   9e+05
Depth=      24 States=  1.5e+07 Transitions= 1.96e+07 Memory=   128.980	t=     16.4 R=   9e+05
Depth=      24 States=  1.6e+07 Transitions=  2.1e+07 Memory=   128.980	t=     17.8 R=   9e+05
Depth=      24 States=  1.7e+07 Transitions= 2.25e+07 Memory=   128.980	t=     19.1 R=   9e+05
Depth=      24 States=  1.8e+07 Transitions= 2.39e+07 Memory=   128.980	t=     20.5 R=   9e+05
Depth=      24 States=  1.9e+07 Transitions= 2.54e+07 Memory=   128.980	t=     21.9 R=   9e+05
Depth=      24 States=    2e+07 Transitions= 2.69e+07 Memory=   128.980	t=     23.1 R=   9e+05
Depth=      24 States=  2.1e+07 Transitions= 2.84e+07 Memory=   128.980	t=     24.3 R=   9e+05
Depth=      24 States=  2.2e+07 Transitions= 2.98e+07 Memory=   128.980	t=     25.7 R=   9e+05
Depth=      24 States=  2.3e+07 Transitions= 3.13e+07 Memory=   128.980	t=     27.2 R=   8e+05
Depth=      24 States=  2.4e+07 Transitions= 3.28e+07 Memory=   128.980	t=     28.9 R=   8e+05
Depth=      24 States=  2.5e+07 Transitions= 3.42e+07 Memory=   128.980	t=     30.3 R=   8e+05
Depth=      24 States=  2.6e+07 Transitions= 3.57e+07 Memory=   128.980	t=     31.9 R=   8e+05
Depth=      24 States=  2.7e+07 Transitions= 3.72e+07 Memory=   128.980	t=     33.1 R=   8e+05
Depth=      24 States=  2.8e+07 Transitions= 3.87e+07 Memory=   128.980	t=     34.2 R=   8e+05
Depth=      24 States=  2.9e+07 Transitions= 4.01e+07 Memory=   128.980	t=     35.6 R=   8e+05
Depth=      24 States=    3e+07 Transitions= 4.16e+07 Memory=   128.980	t=       37 R=   8e+05
Depth=      24 States=  3.1e+07 Transitions= 4.31e+07 Memory=   128.980	t=     38.2 R=   8e+05
Depth=      24 States=  3.2e+07 Transitions= 4.46e+07 Memory=   128.980	t=     39.4 R=   8e+05
Depth=      24 States=  3.3e+07 Transitions=  4.6e+07 Memory=   128.980	t=     40.5 R=   8e+05
Depth=      24 States=  3.4e+07 Transitions= 4.75e+07 Memory=   128.980	t=     41.7 R=   8e+05
Depth=      24 States=  3.5e+07 Transitions=  4.9e+07 Memory=   128.980	t=     43.3 R=   8e+05
Depth=      24 States=  3.6e+07 Transitions= 5.04e+07 Memory=   128.980	t=     44.6 R=   8e+05
Depth=      24 States=  3.7e+07 Transitions= 5.19e+07 Memory=   128.980	t=       46 R=   8e+05
Depth=      24 States=  3.8e+07 Transitions= 5.34e+07 Memory=   128.980	t=     47.6 R=   8e+05
Depth=      24 States=  3.9e+07 Transitions= 5.49e+07 Memory=   128.980	t=     49.9 R=   8e+05
Depth=      24 States=    4e+07 Transitions= 5.63e+07 Memory=   128.980	t=     51.1 R=   8e+05
Depth=      24 States=  4.1e+07 Transitions= 5.78e+07 Memory=   128.980	t=     52.2 R=   8e+05
Depth=      24 States=  4.2e+07 Transitions= 5.93e+07 Memory=   128.980	t=     53.2 R=   8e+05
Depth=      24 States=  4.3e+07 Transitions= 6.08e+07 Memory=   128.980	t=     54.2 R=   8e+05
Depth=      24 States=  4.4e+07 Transitions= 6.22e+07 Memory=   128.980	t=     55.3 R=   8e+05
Depth=      24 States=  4.5e+07 Transitions= 6.37e+07 Memory=   128.980	t=     56.5 R=   8e+05
Depth=      24 States=  4.6e+07 Transitions= 6.52e+07 Memory=   128.980	t=     57.8 R=   8e+05
Depth=      24 States=  4.7e+07 Transitions= 6.67e+07 Memory=   128.980	t=       59 R=   8e+05
Depth=      24 States=  4.8e+07 Transitions= 6.81e+07 Memory=   128.980	t=     60.3 R=   8e+05
Depth=      24 States=  4.9e+07 Transitions= 6.96e+07 Memory=   128.980	t=     61.9 R=   8e+05
Depth=      24 States=    5e+07 Transitions= 7.11e+07 Memory=   128.980	t=     63.2 R=   8e+05
Depth=      24 States=  5.1e+07 Transitions= 7.26e+07 Memory=   128.980	t=     64.5 R=   8e+05
Depth=      24 States=  5.2e+07 Transitions=  7.4e+07 Memory=   128.980	t=     65.7 R=   8e+05
Depth=      24 States=  5.3e+07 Transitions= 7.55e+07 Memory=   128.980	t=     66.8 R=   8e+05
Depth=      24 States=  5.4e+07 Transitions=  7.7e+07 Memory=   128.980	t=     67.9 R=   8e+05
Depth=      24 States=  5.5e+07 Transitions= 7.85e+07 Memory=   128.980	t=     69.2 R=   8e+05
Depth=      24 States=  5.6e+07 Transitions=    8e+07 Memory=   128.980	t=     70.5 R=   8e+05
Depth=      24 States=  5.7e+07 Transitions= 8.14e+07 Memory=   128.980	t=     71.7 R=   8e+05
Depth=      24 States=  5.8e+07 Transitions= 8.29e+07 Memory=   128.980	t=     72.7 R=   8e+05
Depth=      24 States=  5.9e+07 Transitions= 8.44e+07 Memory=   128.980	t=     74.1 R=   8e+05
Depth=      24 States=    6e+07 Transitions= 8.59e+07 Memory=   128.980	t=     75.4 R=   8e+05
Depth=      24 States=  6.1e+07 Transitions= 8.73e+07 Memory=   128.980	t=     76.4 R=   8e+05
Depth=      24 States=  6.2e+07 Transitions= 8.88e+07 Memory=   128.980	t=     77.5 R=   8e+05
Depth=      24 States=  6.3e+07 Transitions= 9.03e+07 Memory=   128.980	t=     78.7 R=   8e+05
Depth=      24 States=  6.4e+07 Transitions= 9.18e+07 Memory=   128.980	t=       80 R=   8e+05
Depth=      24 States=  6.5e+07 Transitions= 9.33e+07 Memory=   128.980	t=     81.1 R=   8e+05
Depth=      24 States=  6.6e+07 Transitions= 9.47e+07 Memory=   128.980	t=     82.2 R=   8e+05
Depth=      24 States=  6.7e+07 Transitions= 9.62e+07 Memory=   128.980	t=     83.5 R=   8e+05
Depth=      24 States=  6.8e+07 Transitions= 9.77e+07 Memory=   128.980	t=     84.9 R=   8e+05
Depth=      24 States=  6.9e+07 Transitions= 9.92e+07 Memory=   128.980	t=     86.2 R=   8e+05
Depth=      24 States=    7e+07 Transitions= 1.01e+08 Memory=   128.980	t=     87.4 R=   8e+05
Depth=      24 States=  7.1e+07 Transitions= 1.02e+08 Memory=   128.980	t=     88.5 R=   8e+05
Depth=      24 States=  7.2e+07 Transitions= 1.04e+08 Memory=   128.980	t=     89.7 R=   8e+05
Depth=      24 States=  7.3e+07 Transitions= 1.05e+08 Memory=   128.980	t=     90.9 R=   8e+05
Depth=      24 States=  7.4e+07 Transitions= 1.07e+08 Memory=   128.980	t=     92.1 R=   8e+05
Depth=      24 States=  7.5e+07 Transitions= 1.08e+08 Memory=   128.980	t=     93.3 R=   8e+05
Depth=      24 States=  7.6e+07 Transitions=  1.1e+08 Memory=   128.980	t=     94.8 R=   8e+05
Depth=      24 States=  7.7e+07 Transitions= 1.11e+08 Memory=   128.980	t=     96.6 R=   8e+05
Depth=      24 States=  7.8e+07 Transitions= 1.13e+08 Memory=   128.980	t=     97.8 R=   8e+05
Depth=      24 States=  7.9e+07 Transitions= 1.14e+08 Memory=   128.980	t=     99.2 R=   8e+05
Depth=      24 States=    8e+07 Transitions= 1.16e+08 Memory=   128.980	t=      102 R=   8e+05
Depth=      24 States=  8.1e+07 Transitions= 1.17e+08 Memory=   128.980	t=      104 R=   8e+05
Depth=      24 States=  8.2e+07 Transitions= 1.18e+08 Memory=   128.980	t=      105 R=   8e+05
Depth=      24 States=  8.3e+07 Transitions=  1.2e+08 Memory=   128.980	t=      107 R=   8e+05
Depth=      24 States=  8.4e+07 Transitions= 1.21e+08 Memory=   128.980	t=      109 R=   8e+05
Depth=      24 States=  8.5e+07 Transitions= 1.23e+08 Memory=   128.980	t=      110 R=   8e+05
Depth=      24 States=  8.6e+07 Transitions= 1.24e+08 Memory=   128.980	t=      111 R=   8e+05
Depth=      24 States=  8.7e+07 Transitions= 1.26e+08 Memory=   128.980	t=      113 R=   8e+05
Depth=      24 States=  8.8e+07 Transitions= 1.27e+08 Memory=   128.980	t=      115 R=   8e+05
Depth=      24 States=  8.9e+07 Transitions= 1.29e+08 Memory=   128.980	t=      116 R=   8e+05
Depth=      24 States=    9e+07 Transitions=  1.3e+08 Memory=   128.980	t=      118 R=   8e+05

(Spin Version 6.4.6 -- 2 December 2016)
	+ Partial Order Reduction
	+ Reverse Depth-First Search Order
	+ Randomized Transition Ordering
	+ Randomized Process Ordering

Bit statespace search for:
	never claim         	- (none specified)
	assertion violations	+
	cycle checks       	- (disabled by -DSAFETY)
	invalid end states	+

State-vector 44 byte, depth reached 24, errors: 0
 90599529 states, stored
 40664673 states, matched
1.312642e+08 transitions (= stored+matched)
        0 atomic steps

hash factor: 11.8515 (best if > 100.)

bits set per state: 2 (-k2)
random seed used: 0

Stats on memory usage (in Megabytes):
 5529.756	equivalent memory usage for states (stored*(State-vector + overhead))
  128.000	memory used for hash array (-w30)
    0.076	memory used for bit stack
    0.687	memory used for DFS stack (-m10000)
  128.980	total actual memory usage


unreached in init
	multicore.pml:115, state 102, "-end-"
	(1 of 102 states)

pan: elapsed time 119 seconds
pan: rate 760637.47 states/second
Depth=      24 States=    1e+06 Transitions= 1.23e+06 Memory=    64.980	t=     1.04 R=   1e+06
Depth=      24 States=    2e+06 Transitions= 2.47e+06 Memory=    64.980	t=     2.01 R=   1e+06
Depth=      24 States=    3e+06 Transitions= 3.77e+06 Memory=    64.980	t=     3.67 R=   8e+05
Depth=      24 States=    4e+06 Transitions=  5.1e+06 Memory=    64.980	t=     4.95 R=   8e+05
Depth=      24 States=    5e+06 Transitions= 6.42e+06 Memory=    64.980	t=     6.14 R=   8e+05
Depth=      24 States=    6e+06 Transitions= 7.75e+06 Memory=    64.980	t=     7.14 R=   8e+05
Depth=      24 States=    7e+06 Transitions= 9.08e+06 Memory=    64.980	t=     8.77 R=   8e+05
Depth=      24 States=    8e+06 Transitions= 1.04e+07 Memory=    64.980	t=     9.96 R=   8e+05
Depth=      24 States=    9e+06 Transitions= 1.17e+07 Memory=    64.980	t=     10.9 R=   8e+05
Depth=      24 States=    1e+07 Transitions= 1.31e+07 Memory=    64.980	t=     12.1 R=   8e+05
Depth=      24 States=  1.1e+07 Transitions= 1.44e+07 Memory=    64.980	t=     13.2 R=   8e+05
Depth=      24 States=  1.2e+07 Transitions= 1.57e+07 Memory=    64.980	t=     14.2 R=   8e+05
Depth=      24 States=  1.3e+07 Transitions= 1.71e+07 Memory=    64.980	t=     15.2 R=   9e+05
Depth=      24 States=  1.4e+07 Transitions= 1.86e+07 Memory=    64.980	t=     16.6 R=   8e+05
Depth=      24 States=  1.5e+07 Transitions= 2.01e+07 Memory=    64.980	t=     17.8 R=   8e+05
Depth=      24 States=  1.6e+07 Transitions= 2.15e+07 Memory=    64.980	t=     18.9 R=   8e+05
Depth=      24 States=  1.7e+07 Transitions= 2.29e+07 Memory=    64.980	t=     20.3 R=   8e+05
Depth=      24 States=  1.8e+07 Transitions= 2.43e+07 Memory=    64.980	t=     21.7 R=   8e+05
Depth=      24 States=  1.9e+07 Transitions= 2.58e+07 Memory=    64.980	t=     22.9 R=   8e+05
Depth=      24 States=    2e+07 Transitions= 2.72e+07 Memory=    64.980	t=     23.9 R=   8e+05
Depth=      24 States=  2.1e+07 Transitions= 2.87e+07 Memory=    64.980	t=     25.2 R=   8e+05
Depth=      24 States=  2.2e+07 Transitions= 3.02e+07 Memory=    64.980	t=     27.2 R=   8e+05
Depth=      24 States=  2.3e+07 Transitions= 3.17e+07 Memory=    64.980	t=     28.2 R=   8e+05
Depth=      24 States=  2.4e+07 Transitions= 3.32e+07 Memory=    64.980	t=     29.4 R=   8e+05
Depth=      24 States=  2.5e+07 Transitions= 3.47e+07 Memory=    64.980	t=     30.5 R=   8e+05
Depth=      24 States=  2.6e+07 Transitions= 3.62e+07 Memory=    64.980	t=     31.6 R=   8e+05
Depth=      24 States=  2.7e+07 Transitions= 3.77e+07 Memory=    64.980	t=     32.6 R=   8e+05
Depth=      24 States=  2.8e+07 Transitions= 3.92e+07 Memory=    64.980	t=     33.7 R=   8e+05
Depth=      24 States=  2.9e+07 Transitions= 4.07e+07 Memory=    64.980	t=     34.7 R=   8e+05
Depth=      24 States=    3e+07 Transitions= 4.22e+07 Memory=    64.980	t=     35.8 R=   8e+05
Depth=      24 States=  3.1e+07 Transitions= 4.37e+07 Memory=    64.980	t=     36.9 R=   8e+05
Depth=      24 States=  3.2e+07 Transitions= 4.52e+07 Memory=    64.980	t=     37.9 R=   8e+05
Depth=      24 States=  3.3e+07 Transitions= 4.68e+07 Memory=    64.980	t=     38.9 R=   8e+05
Depth=      24 States=  3.4e+07 Transitions= 4.83e+07 Memory=    64.980	t=       40 R=   9e+05
Depth=      24 States=  3.5e+07 Transitions= 4.98e+07 Memory=    64.980	t=     41.1 R=   9e+05
Depth=      24 States=  3.6e+07 Transitions= 5.13e+07 Memory=    64.980	t=     42.1 R=   9e+05
Depth=      24 States=  3.7e+07 Transitions= 5.28e+07 Memory=    64.980	t=     43.2 R=   9e+05
Depth=      24 States=  3.8e+07 Transitions= 5.44e+07 Memory=    64.980	t=     44.1 R=   9e+05
Depth=      24 States=  3.9e+07 Transitions= 5.59e+07 Memory=    64.980	t=     45.2 R=   9e+05
Depth=      24 States=    4e+07 Transitions= 5.74e+07 Memory=    64.980	t=     46.2 R=   9e+05
Depth=      24 States=  4.1e+07 Transitions= 5.89e+07 Memory=    64.980	t=     47.2 R=   9e+05
Depth=      24 States=  4.2e+07 Transitions= 6.05e+07 Memory=    64.980	t=     48.1 R=   9e+05
Depth=      24 States=  4.3e+07 Transitions=  6.2e+07 Memory=    64.980	t=     49.2 R=   9e+05
Depth=      24 States=  4.4e+07 Transitions= 6.35e+07 Memory=    64.980	t=     50.1 R=   9e+05
Depth=      24 States=  4.5e+07 Transitions= 6.51e+07 Memory=    64.980	t=     51.1 R=   9e+05
Depth=      24 States=  4.6e+07 Transitions= 6.66e+07 Memory=    64.980	t=     52.2 R=   9e+05
Depth=      24 States=  4.7e+07 Transitions= 6.82e+07 Memory=    64.980	t=     53.1 R=   9e+05
Depth=      24 States=  4.8e+07 Transitions= 6.97e+07 Memory=    64.980	t=       54 R=   9e+05
Depth=      24 States=  4.9e+07 Transitions= 7.12e+07 Memory=    64.980	t=       55 R=   9e+05
Depth=      24 States=    5e+07 Transitions= 7.28e+07 Memory=    64.980	t=       56 R=   9e+05
Depth=      24 States=  5.1e+07 Transitions= 7.43e+07 Memory=    64.980	t=     57.1 R=   9e+05
Depth=      24 States=  5.2e+07 Transitions= 7.59e+07 Memory=    64.980	t=       58 R=   9e+05
Depth=      24 States=  5.3e+07 Transitions= 7.74e+07 Memory=    64.980	t=     58.9 R=   9e+05
Depth=      24 States=  5.4e+07 Transitions=  7.9e+07 Memory=    64.980	t=       60 R=   9e+05
Depth=      24 States=  5.5e+07 Transitions= 8.05e+07 Memory=    64.980	t=     60.9 R=   9e+05
Depth=      24 States=  5.6e+07 Transitions= 8.21e+07 Memory=    64.980	t=     61.7 R=   9e+05

(Spin Version 6.4.6 -- 2 December 2016)
	+ Partial Order Reduction
	+ Reverse Depth-First Search Order
	+ Randomized Transition Ordering
	+ Randomized Process Ordering

Bit statespace search for:
	never claim         	- (none specified)
	assertion violations	+
	cycle checks       	- (disabled by -DSAFETY)
	invalid end states	+

State-vector 44 byte, depth reached 24, errors: 0
 56997451 states, stored
 26648665 states, matched
 83646116 transitions (= stored+matched)
        0 atomic steps

hash factor: 9.41921 (best if > 100.)

bits set per state: 1 (-k1)
random seed used: 0

Stats on memory usage (in Megabytes):
 3478.848	equivalent memory usage for states (stored*(State-vector + overhead))
   64.000	memory used for hash array (-w29)
    0.076	memory used for bit stack
    0.687	memory used for DFS stack (-m10000)
   64.980	total actual memory usage


unreached in init
	multicore.pml:115, state 102, "-end-"
	(1 of 102 states)

pan: elapsed time 62.7 seconds
pan: rate 909485.42 states/second
Depth=      24 States=    1e+06 Transitions= 1.23e+06 Memory=    16.980	t=     0.78 R=   1e+06
Depth=      24 States=    2e+06 Transitions= 2.48e+06 Memory=    16.980	t=     1.64 R=   1e+06
Depth=      24 States=    3e+06 Transitions= 3.79e+06 Memory=    16.980	t=     2.47 R=   1e+06
Depth=      24 States=    4e+06 Transitions= 5.13e+06 Memory=    16.980	t=     3.25 R=   1e+06
Depth=      24 States=    5e+06 Transitions= 6.47e+06 Memory=    16.980	t=     4.08 R=   1e+06
Depth=      24 States=    6e+06 Transitions= 7.82e+06 Memory=    16.980	t=     4.96 R=   1e+06
Depth=      24 States=    7e+06 Transitions= 9.17e+06 Memory=    16.980	t=      5.8 R=   1e+06
Depth=      24 States=    8e+06 Transitions= 1.05e+07 Memory=    16.980	t=      6.7 R=   1e+06
Depth=      24 States=    9e+06 Transitions= 1.19e+07 Memory=    16.980	t=     7.67 R=   1e+06
Depth=      24 States=    1e+07 Transitions= 1.33e+07 Memory=    16.980	t=     8.55 R=   1e+06
Depth=      24 States=  1.1e+07 Transitions= 1.46e+07 Memory=    16.980	t=     9.42 R=   1e+06
Depth=      24 States=  1.2e+07 Transitions= 1.61e+07 Memory=    16.980	t=     10.3 R=   1e+06
Depth=      24 States=  1.3e+07 Transitions= 1.76e+07 Memory=    16.980	t=     11.1 R=   1e+06
Depth=      24 States=  1.4e+07 Transitions= 1.91e+07 Memory=    16.980	t=       12 R=   1e+06
Depth=      24 States=  1.5e+07 Transitions= 2.06e+07 Memory=    16.980	t=     12.8 R=   1e+06
Depth=      24 States=  1.6e+07 Transitions= 2.21e+07 Memory=    16.980	t=     13.7 R=   1e+06
Depth=      24 States=  1.7e+07 Transitions= 2.36e+07 Memory=    16.980	t=     14.6 R=   1e+06
Depth=      24 States=  1.8e+07 Transitions= 2.51e+07 Memory=    16.980	t=     15.4 R=   1e+06
Depth=      24 States=  1.9e+07 Transitions= 2.67e+07 Memory=    16.980	t=     16.2 R=   1e+06
Depth=      24 States=    2e+07 Transitions= 2.83e+07 Memory=    16.980	t=     16.9 R=   1e+06
Depth=      24 States=  2.1e+07 Transitions= 2.99e+07 Memory=    16.980	t=     17.7 R=   1e+06
Depth=      24 States=  2.2e+07 Transitions= 3.14e+07 Memory=    16.980	t=     18.5 R=   1e+06
Depth=      24 States=  2.3e+07 Transitions= 3.31e+07 Memory=    16.980	t=     19.5 R=   1e+06
Depth=      24 States=  2.4e+07 Transitions= 3.47e+07 Memory=    16.980	t=     20.5 R=   1e+06
Depth=      24 States=  2.5e+07 Transitions= 3.63e+07 Memory=    16.980	t=     21.4 R=   1e+06
Depth=      24 States=  2.6e+07 Transitions= 3.79e+07 Memory=    16.980	t=     22.4 R=   1e+06
Depth=      24 States=  2.7e+07 Transitions= 3.95e+07 Memory=    16.980	t=     23.2 R=   1e+06
Depth=      24 States=  2.8e+07 Transitions= 4.12e+07 Memory=    16.980	t=     23.9 R=   1e+06
Depth=      24 States=  2.9e+07 Transitions= 4.29e+07 Memory=    16.980	t=     24.8 R=   1e+06
Depth=      24 States=    3e+07 Transitions= 4.45e+07 Memory=    16.980	t=     25.6 R=   1e+06
Depth=      24 States=  3.1e+07 Transitions= 4.62e+07 Memory=    16.980	t=     26.5 R=   1e+06
Depth=      24 States=  3.2e+07 Transitions= 4.79e+07 Memory=    16.980	t=     27.3 R=   1e+06

(Spin Version 6.4.6 -- 2 December 2016)
	+ Partial Order Reduction
	+ Reverse Depth-First Search Order
	+ Randomized Transition Ordering
	+ Randomized Process Ordering

Bit statespace search for:
	never claim         	- (none specified)
	assertion violations	+
	cycle checks       	- (disabled by -DSAFETY)
	invalid end states	+

State-vector 44 byte, depth reached 24, errors: 0
 32414170 states, stored
 16199497 states, matched
 48613667 transitions (= stored+matched)
        0 atomic steps

hash factor: 4.14071 (best if > 100.)

bits set per state: 1 (-k1)
random seed used: 0

Stats on memory usage (in Megabytes):
 1978.404	equivalent memory usage for states (stored*(State-vector + overhead))
   16.000	memory used for hash array (-w27)
    0.076	memory used for bit stack
    0.687	memory used for DFS stack (-m10000)
   16.980	total actual memory usage


unreached in init
	multicore.pml:115, state 102, "-end-"
	(1 of 102 states)

pan: elapsed time 27.7 seconds
pan: rate 1171455.4 states/second
Depth=      24 States=    1e+06 Transitions= 1.23e+06 Memory=     8.980	t=     0.76 R=   1e+06
Depth=      24 States=    2e+06 Transitions= 2.49e+06 Memory=     8.980	t=     1.38 R=   1e+06
Depth=      24 States=    3e+06 Transitions= 3.82e+06 Memory=     8.980	t=     2.08 R=   1e+06
Depth=      24 States=    4e+06 Transitions= 5.17e+06 Memory=     8.980	t=     2.74 R=   1e+06
Depth=      24 States=    5e+06 Transitions= 6.54e+06 Memory=     8.980	t=     3.42 R=   1e+06
Depth=      24 States=    6e+06 Transitions= 7.92e+06 Memory=     8.980	t=     4.12 R=   1e+06
Depth=      24 States=    7e+06 Transitions= 9.31e+06 Memory=     8.980	t=     5.08 R=   1e+06
Depth=      24 States=    8e+06 Transitions= 1.07e+07 Memory=     8.980	t=     5.92 R=   1e+06
Depth=      24 States=    9e+06 Transitions= 1.21e+07 Memory=     8.980	t=     6.74 R=   1e+06
Depth=      24 States=    1e+07 Transitions= 1.36e+07 Memory=     8.980	t=     7.43 R=   1e+06
Depth=      24 States=  1.1e+07 Transitions= 1.52e+07 Memory=     8.980	t=     8.23 R=   1e+06
Depth=      24 States=  1.2e+07 Transitions= 1.67e+07 Memory=     8.980	t=     9.09 R=   1e+06
Depth=      24 States=  1.3e+07 Transitions= 1.83e+07 Memory=     8.980	t=     9.98 R=   1e+06
Depth=      24 States=  1.4e+07 Transitions= 1.99e+07 Memory=     8.980	t=     10.9 R=   1e+06
Depth=      24 States=  1.5e+07 Transitions= 2.15e+07 Memory=     8.980	t=     11.9 R=   1e+06
Depth=      24 States=  1.6e+07 Transitions= 2.31e+07 Memory=     8.980	t=     12.8 R=   1e+06
Depth=      24 States=  1.7e+07 Transitions= 2.48e+07 Memory=     8.980	t=     13.8 R=   1e+06
Depth=      24 States=  1.8e+07 Transitions= 2.65e+07 Memory=     8.980	t=     14.8 R=   1e+06
Depth=      24 States=  1.9e+07 Transitions= 2.82e+07 Memory=     8.980	t=     15.6 R=   1e+06
Depth=      24 States=    2e+07 Transitions=    3e+07 Memory=     8.980	t=     16.6 R=   1e+06
Depth=      24 States=  2.1e+07 Transitions= 3.17e+07 Memory=     8.980	t=     17.6 R=   1e+06

(Spin Version 6.4.6 -- 2 December 2016)
	+ Partial Order Reduction
	+ Reverse Depth-First Search Order
	+ Randomized Transition Ordering
	+ Randomized Process Ordering

Bit statespace search for:
	never claim         	- (none specified)
	assertion violations	+
	cycle checks       	- (disabled by -DSAFETY)
	invalid end states	+

State-vector 44 byte, depth reached 24, errors: 0
 21005918 states, stored
 10750945 states, matched
 31756863 transitions (= stored+matched)
        0 atomic steps

hash factor: 3.19476 (best if > 100.)

bits set per state: 1 (-k1)
random seed used: 0

Stats on memory usage (in Megabytes):
 1282.099	equivalent memory usage for states (stored*(State-vector + overhead))
    8.000	memory used for hash array (-w26)
    0.076	memory used for bit stack
    0.687	memory used for DFS stack (-m10000)
    8.980	total actual memory usage


unreached in init
	multicore.pml:115, state 102, "-end-"
	(1 of 102 states)

pan: elapsed time 17.6 seconds
pan: rate 1196236.8 states/second
Depth=      24 States=    1e+06 Transitions= 1.24e+06 Memory=     4.980	t=      0.8 R=   1e+06
Depth=      24 States=    2e+06 Transitions= 2.52e+06 Memory=     4.980	t=     1.57 R=   1e+06
Depth=      24 States=    3e+06 Transitions= 3.87e+06 Memory=     4.980	t=     2.23 R=   1e+06
Depth=      24 States=    4e+06 Transitions= 5.26e+06 Memory=     4.980	t=     3.05 R=   1e+06
Depth=      24 States=    5e+06 Transitions= 6.69e+06 Memory=     4.980	t=     3.93 R=   1e+06
Depth=      24 States=    6e+06 Transitions= 8.14e+06 Memory=     4.980	t=     4.71 R=   1e+06
Depth=      24 States=    7e+06 Transitions= 9.71e+06 Memory=     4.980	t=     5.41 R=   1e+06
Depth=      24 States=    8e+06 Transitions= 1.13e+07 Memory=     4.980	t=     6.17 R=   1e+06
Depth=      24 States=    9e+06 Transitions= 1.29e+07 Memory=     4.980	t=     7.07 R=   1e+06
Depth=      24 States=    1e+07 Transitions= 1.46e+07 Memory=     4.980	t=     7.85 R=   1e+06
Depth=      24 States=  1.1e+07 Transitions= 1.63e+07 Memory=     4.980	t=     8.72 R=   1e+06

(Spin Version 6.4.6 -- 2 December 2016)
	+ Partial Order Reduction
	+ Reverse Depth-First Search Order
	+ Randomized Transition Ordering
	+ Randomized Process Ordering

Bit statespace search for:
	never claim         	- (none specified)
	assertion violations	+
	cycle checks       	- (disabled by -DSAFETY)
	invalid end states	+

State-vector 44 byte, depth reached 24, errors: 0
 11767880 states, stored
  5909033 states, matched
 17676913 transitions (= stored+matched)
        0 atomic steps

hash factor: 2.85136 (best if > 100.)

bits set per state: 1 (-k1)
random seed used: 0

Stats on memory usage (in Megabytes):
  718.254	equivalent memory usage for states (stored*(State-vector + overhead))
    4.000	memory used for hash array (-w25)
    0.076	memory used for bit stack
    0.687	memory used for DFS stack (-m10000)
    4.980	total actual memory usage


unreached in init
	multicore.pml:115, state 102, "-end-"
	(1 of 102 states)

pan: elapsed time 9.35 seconds
pan: rate 1258596.8 states/second
Depth=      24 States=    1e+06 Transitions= 1.25e+06 Memory=     2.980	t=     0.55 R=   2e+06
Depth=      24 States=    2e+06 Transitions= 2.57e+06 Memory=     2.980	t=      1.1 R=   2e+06
Depth=      24 States=    3e+06 Transitions= 3.99e+06 Memory=     2.980	t=     1.69 R=   2e+06
Depth=      24 States=    4e+06 Transitions= 5.48e+06 Memory=     2.980	t=     2.36 R=   2e+06
Depth=      24 States=    5e+06 Transitions= 7.09e+06 Memory=     2.980	t=     3.11 R=   2e+06
Depth=      24 States=    6e+06 Transitions=  8.8e+06 Memory=     2.980	t=     3.88 R=   2e+06

(Spin Version 6.4.6 -- 2 December 2016)
	+ Partial Order Reduction
	+ Reverse Depth-First Search Order
	+ Randomized Transition Ordering
	+ Randomized Process Ordering

Bit statespace search for:
	never claim         	- (none specified)
	assertion violations	+
	cycle checks       	- (disabled by -DSAFETY)
	invalid end states	+

State-vector 44 byte, depth reached 24, errors: 0
  6550512 states, stored
  3258177 states, matched
  9808689 transitions (= stored+matched)
        0 atomic steps

hash factor: 2.56121 (best if > 100.)

bits set per state: 1 (-k1)
random seed used: 0

Stats on memory usage (in Megabytes):
  399.812	equivalent memory usage for states (stored*(State-vector + overhead))
    2.000	memory used for hash array (-w24)
    0.076	memory used for bit stack
    0.687	memory used for DFS stack (-m10000)
    2.980	total actual memory usage


unreached in init
	multicore.pml:115, state 102, "-end-"
	(1 of 102 states)

pan: elapsed time 4.29 seconds
pan: rate 1526925.9 states/second
Depth=      24 States=    1e+06 Transitions= 1.27e+06 Memory=     1.980	t=     0.58 R=   2e+06
Depth=      24 States=    2e+06 Transitions= 2.69e+06 Memory=     1.980	t=     1.27 R=   2e+06
Depth=      24 States=    3e+06 Transitions=  4.3e+06 Memory=     1.980	t=     1.92 R=   2e+06
Depth=      24 States=    4e+06 Transitions= 6.19e+06 Memory=     1.980	t=     2.67 R=   1e+06

(Spin Version 6.4.6 -- 2 December 2016)
	+ Partial Order Reduction
	+ Reverse Depth-First Search Order
	+ Randomized Transition Ordering
	+ Randomized Process Ordering

Bit statespace search for:
	never claim         	- (none specified)
	assertion violations	+
	cycle checks       	- (disabled by -DSAFETY)
	invalid end states	+

State-vector 44 byte, depth reached 24, errors: 0
  4085660 states, stored
  2283033 states, matched
  6368693 transitions (= stored+matched)
        0 atomic steps

hash factor: 2.05318 (best if > 100.)

bits set per state: 1 (-k1)
random seed used: 0

Stats on memory usage (in Megabytes):
  249.369	equivalent memory usage for states (stored*(State-vector + overhead))
    1.000	memory used for hash array (-w23)
    0.076	memory used for bit stack
    0.687	memory used for DFS stack (-m10000)
    1.980	total actual memory usage


unreached in init
	multicore.pml:115, state 102, "-end-"
	(1 of 102 states)

pan: elapsed time 2.73 seconds
pan: rate 1496578.8 states/second
Depth=      24 States=    1e+06 Transitions= 1.32e+06 Memory=     1.480	t=      0.6 R=   2e+06
Depth=      24 States=    2e+06 Transitions= 3.04e+06 Memory=     1.480	t=     1.93 R=   1e+06

(Spin Version 6.4.6 -- 2 December 2016)
	+ Partial Order Reduction
	+ Reverse Depth-First Search Order
	+ Randomized Transition Ordering
	+ Randomized Process Ordering

Bit statespace search for:
	never claim         	- (none specified)
	assertion violations	+
	cycle checks       	- (disabled by -DSAFETY)
	invalid end states	+

State-vector 44 byte, depth reached 24, errors: 0
  2008582 states, stored
  1053809 states, matched
  3062391 transitions (= stored+matched)
        0 atomic steps

hash factor: 2.08819 (best if > 100.)

bits set per state: 1 (-k1)
random seed used: 0

Stats on memory usage (in Megabytes):
  122.594	equivalent memory usage for states (stored*(State-vector + overhead))
    0.500	memory used for hash array (-w22)
    0.076	memory used for bit stack
    0.687	memory used for DFS stack (-m10000)
    1.480	total actual memory usage


unreached in init
	multicore.pml:115, state 102, "-end-"
	(1 of 102 states)

pan: elapsed time 1.95 seconds
pan: rate 1030042.1 states/second
Depth=      24 States=    1e+06 Transitions=  1.5e+06 Memory=     1.230	t=     0.66 R=   2e+06

(Spin Version 6.4.6 -- 2 December 2016)
	+ Partial Order Reduction
	+ Reverse Depth-First Search Order
	+ Randomized Transition Ordering
	+ Randomized Process Ordering

Bit statespace search for:
	never claim         	- (none specified)
	assertion violations	+
	cycle checks       	- (disabled by -DSAFETY)
	invalid end states	+

State-vector 44 byte, depth reached 24, errors: 0
  1215286 states, stored
   757545 states, matched
  1972831 transitions (= stored+matched)
        0 atomic steps

hash factor: 1.72564 (best if > 100.)

bits set per state: 1 (-k1)
random seed used: 0

Stats on memory usage (in Megabytes):
   74.175	equivalent memory usage for states (stored*(State-vector + overhead))
    0.250	memory used for hash array (-w21)
    0.076	memory used for bit stack
    0.687	memory used for DFS stack (-m10000)
    1.230	total actual memory usage


unreached in init
	multicore.pml:115, state 102, "-end-"
	(1 of 102 states)

pan: elapsed time 0.81 seconds
pan: rate 1500353.1 states/second

(Spin Version 6.4.6 -- 2 December 2016)
	+ Partial Order Reduction
	+ Reverse Depth-First Search Order
	+ Randomized Transition Ordering
	+ Randomized Process Ordering

Bit statespace search for:
	never claim         	- (none specified)
	assertion violations	+
	cycle checks       	- (disabled by -DSAFETY)
	invalid end states	+

State-vector 44 byte, depth reached 24, errors: 0
   614964 states, stored
   378081 states, matched
   993045 transitions (= stored+matched)
        0 atomic steps

hash factor: 1.7051 (best if > 100.)

bits set per state: 1 (-k1)
random seed used: 0

Stats on memory usage (in Megabytes):
   37.534	equivalent memory usage for states (stored*(State-vector + overhead))
    0.125	memory used for hash array (-w20)
    0.076	memory used for bit stack
    0.687	memory used for DFS stack (-m10000)
    1.105	total actual memory usage


unreached in init
	multicore.pml:115, state 102, "-end-"
	(1 of 102 states)

pan: elapsed time 0.95 seconds
pan: rate 647330.53 states/second

(Spin Version 6.4.6 -- 2 December 2016)
	+ Partial Order Reduction
	+ Reverse Depth-First Search Order
	+ Randomized Transition Ordering
	+ Randomized Process Ordering

Bit statespace search for:
	never claim         	- (none specified)
	assertion violations	+
	cycle checks       	- (disabled by -DSAFETY)
	invalid end states	+

State-vector 44 byte, depth reached 24, errors: 0
   347638 states, stored
   252361 states, matched
   599999 transitions (= stored+matched)
        0 atomic steps

hash factor: 1.50814 (best if > 100.)

bits set per state: 1 (-k1)
random seed used: 0

Stats on memory usage (in Megabytes):
   21.218	equivalent memory usage for states (stored*(State-vector + overhead))
    0.062	memory used for hash array (-w19)
    0.076	memory used for bit stack
    0.687	memory used for DFS stack (-m10000)
    0.980	total actual memory usage


unreached in init
	multicore.pml:115, state 102, "-end-"
	(1 of 102 states)

pan: elapsed time 0.25 seconds
pan: rate   1390552 states/second
