Depth=      24 States=    1e+06 Transitions= 1.23e+06 Memory=    64.980	t=     0.83 R=   1e+06
Depth=      24 States=    2e+06 Transitions= 2.47e+06 Memory=    64.980	t=     1.77 R=   1e+06
Depth=      24 States=    3e+06 Transitions= 3.77e+06 Memory=    64.980	t=     2.73 R=   1e+06
Depth=      24 States=    4e+06 Transitions=  5.1e+06 Memory=    64.980	t=     3.65 R=   1e+06
Depth=      24 States=    5e+06 Transitions= 6.42e+06 Memory=    64.980	t=     4.81 R=   1e+06
Depth=      24 States=    6e+06 Transitions= 7.75e+06 Memory=    64.980	t=      6.1 R=   1e+06
Depth=      24 States=    7e+06 Transitions= 9.08e+06 Memory=    64.980	t=     7.61 R=   9e+05
Depth=      24 States=    8e+06 Transitions= 1.04e+07 Memory=    64.980	t=     8.77 R=   9e+05
Depth=      24 States=    9e+06 Transitions= 1.17e+07 Memory=    64.980	t=     9.94 R=   9e+05
Depth=      24 States=    1e+07 Transitions= 1.31e+07 Memory=    64.980	t=     11.1 R=   9e+05
Depth=      24 States=  1.1e+07 Transitions= 1.44e+07 Memory=    64.980	t=     12.2 R=   9e+05
Depth=      24 States=  1.2e+07 Transitions= 1.57e+07 Memory=    64.980	t=     13.4 R=   9e+05
Depth=      24 States=  1.3e+07 Transitions= 1.71e+07 Memory=    64.980	t=     14.4 R=   9e+05
Depth=      24 States=  1.4e+07 Transitions= 1.84e+07 Memory=    64.980	t=     15.3 R=   9e+05
Depth=      24 States=  1.5e+07 Transitions= 1.99e+07 Memory=    64.980	t=     16.3 R=   9e+05
Depth=      24 States=  1.6e+07 Transitions= 2.14e+07 Memory=    64.980	t=     17.3 R=   9e+05
Depth=      24 States=  1.7e+07 Transitions= 2.28e+07 Memory=    64.980	t=     18.3 R=   9e+05
Depth=      24 States=  1.8e+07 Transitions= 2.43e+07 Memory=    64.980	t=     19.4 R=   9e+05
Depth=      24 States=  1.9e+07 Transitions= 2.58e+07 Memory=    64.980	t=     20.6 R=   9e+05
Depth=      24 States=    2e+07 Transitions= 2.72e+07 Memory=    64.980	t=     21.9 R=   9e+05
Depth=      24 States=  2.1e+07 Transitions= 2.87e+07 Memory=    64.980	t=     22.9 R=   9e+05
Depth=      24 States=  2.2e+07 Transitions= 3.02e+07 Memory=    64.980	t=     23.9 R=   9e+05
Depth=      24 States=  2.3e+07 Transitions= 3.17e+07 Memory=    64.980	t=     24.9 R=   9e+05
Depth=      24 States=  2.4e+07 Transitions= 3.32e+07 Memory=    64.980	t=       26 R=   9e+05
Depth=      24 States=  2.5e+07 Transitions= 3.47e+07 Memory=    64.980	t=     27.2 R=   9e+05
Depth=      24 States=  2.6e+07 Transitions= 3.62e+07 Memory=    64.980	t=     28.5 R=   9e+05
Depth=      24 States=  2.7e+07 Transitions= 3.77e+07 Memory=    64.980	t=     29.6 R=   9e+05
Depth=      24 States=  2.8e+07 Transitions= 3.92e+07 Memory=    64.980	t=     30.7 R=   9e+05
Depth=      24 States=  2.9e+07 Transitions= 4.07e+07 Memory=    64.980	t=       32 R=   9e+05
Depth=      24 States=    3e+07 Transitions= 4.22e+07 Memory=    64.980	t=       33 R=   9e+05
Depth=      24 States=  3.1e+07 Transitions= 4.37e+07 Memory=    64.980	t=       34 R=   9e+05
Depth=      24 States=  3.2e+07 Transitions= 4.52e+07 Memory=    64.980	t=       35 R=   9e+05
Depth=      24 States=  3.3e+07 Transitions= 4.68e+07 Memory=    64.980	t=     36.2 R=   9e+05
Depth=      24 States=  3.4e+07 Transitions= 4.83e+07 Memory=    64.980	t=     37.4 R=   9e+05
Depth=      24 States=  3.5e+07 Transitions= 4.98e+07 Memory=    64.980	t=     38.5 R=   9e+05
Depth=      24 States=  3.6e+07 Transitions= 5.13e+07 Memory=    64.980	t=     39.5 R=   9e+05
Depth=      24 States=  3.7e+07 Transitions= 5.28e+07 Memory=    64.980	t=     40.5 R=   9e+05
Depth=      24 States=  3.8e+07 Transitions= 5.44e+07 Memory=    64.980	t=     41.4 R=   9e+05
Depth=      24 States=  3.9e+07 Transitions= 5.59e+07 Memory=    64.980	t=     42.5 R=   9e+05
Depth=      24 States=    4e+07 Transitions= 5.74e+07 Memory=    64.980	t=     43.9 R=   9e+05
Depth=      24 States=  4.1e+07 Transitions= 5.89e+07 Memory=    64.980	t=     45.1 R=   9e+05
Depth=      24 States=  4.2e+07 Transitions= 6.05e+07 Memory=    64.980	t=     46.4 R=   9e+05
Depth=      24 States=  4.3e+07 Transitions=  6.2e+07 Memory=    64.980	t=     47.6 R=   9e+05
Depth=      24 States=  4.4e+07 Transitions= 6.35e+07 Memory=    64.980	t=       49 R=   9e+05
Depth=      24 States=  4.5e+07 Transitions= 6.51e+07 Memory=    64.980	t=     50.5 R=   9e+05
Depth=      24 States=  4.6e+07 Transitions= 6.66e+07 Memory=    64.980	t=     51.6 R=   9e+05
Depth=      24 States=  4.7e+07 Transitions= 6.82e+07 Memory=    64.980	t=     52.6 R=   9e+05
Depth=      24 States=  4.8e+07 Transitions= 6.97e+07 Memory=    64.980	t=     53.4 R=   9e+05
Depth=      24 States=  4.9e+07 Transitions= 7.12e+07 Memory=    64.980	t=     54.3 R=   9e+05
Depth=      24 States=    5e+07 Transitions= 7.28e+07 Memory=    64.980	t=     55.1 R=   9e+05
Depth=      24 States=  5.1e+07 Transitions= 7.43e+07 Memory=    64.980	t=     56.2 R=   9e+05
Depth=      24 States=  5.2e+07 Transitions= 7.59e+07 Memory=    64.980	t=     57.2 R=   9e+05
Depth=      24 States=  5.3e+07 Transitions= 7.74e+07 Memory=    64.980	t=     58.3 R=   9e+05
Depth=      24 States=  5.4e+07 Transitions=  7.9e+07 Memory=    64.980	t=     59.4 R=   9e+05
Depth=      24 States=  5.5e+07 Transitions= 8.05e+07 Memory=    64.980	t=     60.4 R=   9e+05
Depth=      24 States=  5.6e+07 Transitions= 8.21e+07 Memory=    64.980	t=     61.3 R=   9e+05
Depth=      24 States=  5.7e+07 Transitions= 8.36e+07 Memory=    64.980	t=     62.6 R=   9e+05
Depth=      24 States=  5.8e+07 Transitions= 8.52e+07 Memory=    64.980	t=     63.8 R=   9e+05
Depth=      24 States=  5.9e+07 Transitions= 8.68e+07 Memory=    64.980	t=     64.9 R=   9e+05
Depth=      24 States=    6e+07 Transitions= 8.83e+07 Memory=    64.980	t=       66 R=   9e+05
Depth=      24 States=  6.1e+07 Transitions= 8.99e+07 Memory=    64.980	t=       67 R=   9e+05
Depth=      24 States=  6.2e+07 Transitions= 9.15e+07 Memory=    64.980	t=     67.9 R=   9e+05

(Spin Version 6.4.6 -- 2 December 2016)
	+ Partial Order Reduction
	+ Reverse Transition Ordering
	+ Randomized Transition Ordering
	+ Randomized Process Ordering

Bit statespace search for:
	never claim         	- (none specified)
	assertion violations	+
	cycle checks       	- (disabled by -DSAFETY)
	invalid end states	+

State-vector 44 byte, depth reached 24, errors: 0
 62135188 states, stored
 29537337 states, matched
 91672525 transitions (= stored+matched)
        0 atomic steps

hash factor: 8.64037 (best if > 100.)

bits set per state: 1 (-k1)
random seed used: 0

Stats on memory usage (in Megabytes):
 3792.431	equivalent memory usage for states (stored*(State-vector + overhead))
   64.000	memory used for hash array (-w29)
    0.076	memory used for bit stack
    0.687	memory used for DFS stack (-m10000)
   64.980	total actual memory usage


unreached in init
	multicore.pml:115, state 102, "-end-"
	(1 of 102 states)

pan: elapsed time 68 seconds
pan: rate 913618.41 states/second
Depth=      24 States=    1e+06 Transitions= 1.23e+06 Memory=    32.980	t=     1.03 R=   1e+06
Depth=      24 States=    2e+06 Transitions= 2.47e+06 Memory=    32.980	t=     2.14 R=   9e+05
Depth=      24 States=    3e+06 Transitions= 3.78e+06 Memory=    32.980	t=     3.04 R=   1e+06
Depth=      24 States=    4e+06 Transitions= 5.11e+06 Memory=    32.980	t=        4 R=   1e+06
Depth=      24 States=    5e+06 Transitions= 6.44e+06 Memory=    32.980	t=     4.85 R=   1e+06
Depth=      24 States=    6e+06 Transitions= 7.77e+06 Memory=    32.980	t=     5.87 R=   1e+06
Depth=      24 States=    7e+06 Transitions= 9.11e+06 Memory=    32.980	t=      6.9 R=   1e+06
Depth=      24 States=    8e+06 Transitions= 1.04e+07 Memory=    32.980	t=     7.68 R=   1e+06
Depth=      24 States=    9e+06 Transitions= 1.18e+07 Memory=    32.980	t=     8.41 R=   1e+06
Depth=      24 States=    1e+07 Transitions= 1.31e+07 Memory=    32.980	t=     9.05 R=   1e+06
Depth=      24 States=  1.1e+07 Transitions= 1.45e+07 Memory=    32.980	t=     9.83 R=   1e+06
Depth=      24 States=  1.2e+07 Transitions= 1.58e+07 Memory=    32.980	t=     10.8 R=   1e+06
Depth=      24 States=  1.3e+07 Transitions= 1.72e+07 Memory=    32.980	t=     11.8 R=   1e+06
Depth=      24 States=  1.4e+07 Transitions= 1.86e+07 Memory=    32.980	t=     12.8 R=   1e+06
Depth=      24 States=  1.5e+07 Transitions= 2.01e+07 Memory=    32.980	t=     13.6 R=   1e+06
Depth=      24 States=  1.6e+07 Transitions= 2.16e+07 Memory=    32.980	t=     14.6 R=   1e+06
Depth=      24 States=  1.7e+07 Transitions=  2.3e+07 Memory=    32.980	t=     15.6 R=   1e+06
Depth=      24 States=  1.8e+07 Transitions= 2.45e+07 Memory=    32.980	t=     16.8 R=   1e+06
Depth=      24 States=  1.9e+07 Transitions= 2.61e+07 Memory=    32.980	t=     17.8 R=   1e+06
Depth=      24 States=    2e+07 Transitions= 2.75e+07 Memory=    32.980	t=       19 R=   1e+06
Depth=      24 States=  2.1e+07 Transitions= 2.91e+07 Memory=    32.980	t=     19.9 R=   1e+06
Depth=      24 States=  2.2e+07 Transitions= 3.06e+07 Memory=    32.980	t=     20.9 R=   1e+06
Depth=      24 States=  2.3e+07 Transitions= 3.21e+07 Memory=    32.980	t=     21.9 R=   1e+06
Depth=      24 States=  2.4e+07 Transitions= 3.36e+07 Memory=    32.980	t=     22.8 R=   1e+06
Depth=      24 States=  2.5e+07 Transitions= 3.52e+07 Memory=    32.980	t=       24 R=   1e+06
Depth=      24 States=  2.6e+07 Transitions= 3.67e+07 Memory=    32.980	t=     24.9 R=   1e+06
Depth=      24 States=  2.7e+07 Transitions= 3.83e+07 Memory=    32.980	t=     25.8 R=   1e+06
Depth=      24 States=  2.8e+07 Transitions= 3.98e+07 Memory=    32.980	t=       27 R=   1e+06
Depth=      24 States=  2.9e+07 Transitions= 4.14e+07 Memory=    32.980	t=     28.4 R=   1e+06
Depth=      24 States=    3e+07 Transitions= 4.29e+07 Memory=    32.980	t=     29.7 R=   1e+06
Depth=      24 States=  3.1e+07 Transitions= 4.45e+07 Memory=    32.980	t=     30.7 R=   1e+06
Depth=      24 States=  3.2e+07 Transitions=  4.6e+07 Memory=    32.980	t=       32 R=   1e+06
Depth=      24 States=  3.3e+07 Transitions= 4.76e+07 Memory=    32.980	t=     34.4 R=   1e+06
Depth=      24 States=  3.4e+07 Transitions= 4.92e+07 Memory=    32.980	t=     35.9 R=   9e+05
Depth=      24 States=  3.5e+07 Transitions= 5.08e+07 Memory=    32.980	t=     36.9 R=   9e+05
Depth=      24 States=  3.6e+07 Transitions= 5.23e+07 Memory=    32.980	t=     38.1 R=   9e+05
Depth=      24 States=  3.7e+07 Transitions= 5.39e+07 Memory=    32.980	t=       40 R=   9e+05
Depth=      24 States=  3.8e+07 Transitions= 5.55e+07 Memory=    32.980	t=     41.3 R=   9e+05
Depth=      24 States=  3.9e+07 Transitions= 5.71e+07 Memory=    32.980	t=     42.3 R=   9e+05
Depth=      24 States=    4e+07 Transitions= 5.87e+07 Memory=    32.980	t=     43.5 R=   9e+05
Depth=      24 States=  4.1e+07 Transitions= 6.03e+07 Memory=    32.980	t=     44.7 R=   9e+05
Depth=      24 States=  4.2e+07 Transitions= 6.19e+07 Memory=    32.980	t=     46.1 R=   9e+05

(Spin Version 6.4.6 -- 2 December 2016)
	+ Partial Order Reduction
	+ Reverse Transition Ordering
	+ Randomized Transition Ordering
	+ Randomized Process Ordering

Bit statespace search for:
	never claim         	- (none specified)
	assertion violations	+
	cycle checks       	- (disabled by -DSAFETY)
	invalid end states	+

State-vector 44 byte, depth reached 24, errors: 0
 42972131 states, stored
 20494777 states, matched
 63466908 transitions (= stored+matched)
        0 atomic steps

hash factor: 6.24673 (best if > 100.)

bits set per state: 1 (-k1)
random seed used: 0

Stats on memory usage (in Megabytes):
 2622.811	equivalent memory usage for states (stored*(State-vector + overhead))
   32.000	memory used for hash array (-w28)
    0.076	memory used for bit stack
    0.687	memory used for DFS stack (-m10000)
   32.980	total actual memory usage


unreached in init
	multicore.pml:115, state 102, "-end-"
	(1 of 102 states)

pan: elapsed time 47.3 seconds
pan: rate 907925.86 states/second
Depth=      24 States=    1e+06 Transitions= 1.23e+06 Memory=    16.980	t=     1.02 R=   1e+06
Depth=      24 States=    2e+06 Transitions= 2.48e+06 Memory=    16.980	t=     1.92 R=   1e+06
Depth=      24 States=    3e+06 Transitions= 3.79e+06 Memory=    16.980	t=     3.08 R=   1e+06
Depth=      24 States=    4e+06 Transitions= 5.13e+06 Memory=    16.980	t=     4.75 R=   8e+05
Depth=      24 States=    5e+06 Transitions= 6.47e+06 Memory=    16.980	t=     5.61 R=   9e+05
Depth=      24 States=    6e+06 Transitions= 7.82e+06 Memory=    16.980	t=     6.77 R=   9e+05
Depth=      24 States=    7e+06 Transitions= 9.17e+06 Memory=    16.980	t=      8.3 R=   8e+05
Depth=      24 States=    8e+06 Transitions= 1.05e+07 Memory=    16.980	t=     9.39 R=   9e+05
Depth=      24 States=    9e+06 Transitions= 1.19e+07 Memory=    16.980	t=     10.4 R=   9e+05
Depth=      24 States=    1e+07 Transitions= 1.33e+07 Memory=    16.980	t=     11.3 R=   9e+05
Depth=      24 States=  1.1e+07 Transitions= 1.46e+07 Memory=    16.980	t=     12.8 R=   9e+05
Depth=      24 States=  1.2e+07 Transitions= 1.61e+07 Memory=    16.980	t=       14 R=   9e+05
Depth=      24 States=  1.3e+07 Transitions= 1.76e+07 Memory=    16.980	t=     14.9 R=   9e+05
Depth=      24 States=  1.4e+07 Transitions= 1.91e+07 Memory=    16.980	t=       16 R=   9e+05
Depth=      24 States=  1.5e+07 Transitions= 2.06e+07 Memory=    16.980	t=     17.2 R=   9e+05
Depth=      24 States=  1.6e+07 Transitions= 2.21e+07 Memory=    16.980	t=     18.2 R=   9e+05
Depth=      24 States=  1.7e+07 Transitions= 2.36e+07 Memory=    16.980	t=     19.3 R=   9e+05
Depth=      24 States=  1.8e+07 Transitions= 2.52e+07 Memory=    16.980	t=     20.8 R=   9e+05
Depth=      24 States=  1.9e+07 Transitions= 2.68e+07 Memory=    16.980	t=     21.9 R=   9e+05
Depth=      24 States=    2e+07 Transitions= 2.83e+07 Memory=    16.980	t=     22.9 R=   9e+05
Depth=      24 States=  2.1e+07 Transitions= 2.99e+07 Memory=    16.980	t=     24.1 R=   9e+05
Depth=      24 States=  2.2e+07 Transitions= 3.15e+07 Memory=    16.980	t=     25.6 R=   9e+05
Depth=      24 States=  2.3e+07 Transitions= 3.31e+07 Memory=    16.980	t=     26.7 R=   9e+05
Depth=      24 States=  2.4e+07 Transitions= 3.47e+07 Memory=    16.980	t=     27.7 R=   9e+05
Depth=      24 States=  2.5e+07 Transitions= 3.63e+07 Memory=    16.980	t=     28.8 R=   9e+05
Depth=      24 States=  2.6e+07 Transitions=  3.8e+07 Memory=    16.980	t=     30.2 R=   9e+05
Depth=      24 States=  2.7e+07 Transitions= 3.96e+07 Memory=    16.980	t=     31.7 R=   9e+05
Depth=      24 States=  2.8e+07 Transitions= 4.12e+07 Memory=    16.980	t=     32.8 R=   9e+05
Depth=      24 States=  2.9e+07 Transitions= 4.29e+07 Memory=    16.980	t=     33.9 R=   9e+05

(Spin Version 6.4.6 -- 2 December 2016)
	+ Partial Order Reduction
	+ Reverse Transition Ordering
	+ Randomized Transition Ordering
	+ Randomized Process Ordering

Bit statespace search for:
	never claim         	- (none specified)
	assertion violations	+
	cycle checks       	- (disabled by -DSAFETY)
	invalid end states	+

State-vector 44 byte, depth reached 24, errors: 0
 29694871 states, stored
 14353393 states, matched
 44048264 transitions (= stored+matched)
        0 atomic steps

hash factor: 4.5199 (best if > 100.)

bits set per state: 1 (-k1)
random seed used: 0

Stats on memory usage (in Megabytes):
 1812.431	equivalent memory usage for states (stored*(State-vector + overhead))
   16.000	memory used for hash array (-w27)
    0.076	memory used for bit stack
    0.687	memory used for DFS stack (-m10000)
   16.980	total actual memory usage


unreached in init
	multicore.pml:115, state 102, "-end-"
	(1 of 102 states)

pan: elapsed time 34.8 seconds
pan: rate 854528.66 states/second
Depth=      24 States=    1e+06 Transitions= 1.23e+06 Memory=     8.980	t=     0.97 R=   1e+06
Depth=      24 States=    2e+06 Transitions= 2.49e+06 Memory=     8.980	t=     1.84 R=   1e+06
Depth=      24 States=    3e+06 Transitions= 3.82e+06 Memory=     8.980	t=     2.69 R=   1e+06
Depth=      24 States=    4e+06 Transitions= 5.17e+06 Memory=     8.980	t=     3.58 R=   1e+06
Depth=      24 States=    5e+06 Transitions= 6.54e+06 Memory=     8.980	t=     4.51 R=   1e+06
Depth=      24 States=    6e+06 Transitions= 7.92e+06 Memory=     8.980	t=     5.61 R=   1e+06
Depth=      24 States=    7e+06 Transitions= 9.31e+06 Memory=     8.980	t=     6.55 R=   1e+06
Depth=      24 States=    8e+06 Transitions= 1.07e+07 Memory=     8.980	t=     7.46 R=   1e+06
Depth=      24 States=    9e+06 Transitions= 1.22e+07 Memory=     8.980	t=      8.4 R=   1e+06
Depth=      24 States=    1e+07 Transitions= 1.37e+07 Memory=     8.980	t=     9.39 R=   1e+06
Depth=      24 States=  1.1e+07 Transitions= 1.52e+07 Memory=     8.980	t=     10.4 R=   1e+06
Depth=      24 States=  1.2e+07 Transitions= 1.67e+07 Memory=     8.980	t=     11.4 R=   1e+06
Depth=      24 States=  1.3e+07 Transitions= 1.83e+07 Memory=     8.980	t=     12.4 R=   1e+06
Depth=      24 States=  1.4e+07 Transitions= 1.99e+07 Memory=     8.980	t=     13.4 R=   1e+06
Depth=      24 States=  1.5e+07 Transitions= 2.15e+07 Memory=     8.980	t=     14.5 R=   1e+06
Depth=      24 States=  1.6e+07 Transitions= 2.31e+07 Memory=     8.980	t=     15.5 R=   1e+06
Depth=      24 States=  1.7e+07 Transitions= 2.48e+07 Memory=     8.980	t=     16.5 R=   1e+06
Depth=      24 States=  1.8e+07 Transitions= 2.65e+07 Memory=     8.980	t=     17.5 R=   1e+06
Depth=      24 States=  1.9e+07 Transitions= 2.82e+07 Memory=     8.980	t=     18.6 R=   1e+06

(Spin Version 6.4.6 -- 2 December 2016)
	+ Partial Order Reduction
	+ Reverse Transition Ordering
	+ Randomized Transition Ordering
	+ Randomized Process Ordering

Bit statespace search for:
	never claim         	- (none specified)
	assertion violations	+
	cycle checks       	- (disabled by -DSAFETY)
	invalid end states	+

State-vector 44 byte, depth reached 24, errors: 0
 19235520 states, stored
  9385761 states, matched
 28621281 transitions (= stored+matched)
        0 atomic steps

hash factor: 3.4888 (best if > 100.)

bits set per state: 1 (-k1)
random seed used: 0

Stats on memory usage (in Megabytes):
 1174.043	equivalent memory usage for states (stored*(State-vector + overhead))
    8.000	memory used for hash array (-w26)
    0.076	memory used for bit stack
    0.687	memory used for DFS stack (-m10000)
    8.980	total actual memory usage


unreached in init
	multicore.pml:115, state 102, "-end-"
	(1 of 102 states)

pan: elapsed time 18.8 seconds
pan: rate 1020993.6 states/second
Depth=      24 States=    1e+06 Transitions= 1.24e+06 Memory=     4.980	t=     0.81 R=   1e+06
Depth=      24 States=    2e+06 Transitions= 2.53e+06 Memory=     4.980	t=     1.65 R=   1e+06
Depth=      24 States=    3e+06 Transitions= 3.87e+06 Memory=     4.980	t=     2.46 R=   1e+06
Depth=      24 States=    4e+06 Transitions= 5.26e+06 Memory=     4.980	t=     3.37 R=   1e+06
Depth=      24 States=    5e+06 Transitions= 6.69e+06 Memory=     4.980	t=     4.14 R=   1e+06
Depth=      24 States=    6e+06 Transitions= 8.14e+06 Memory=     4.980	t=     5.05 R=   1e+06
Depth=      24 States=    7e+06 Transitions= 9.68e+06 Memory=     4.980	t=     5.92 R=   1e+06
Depth=      24 States=    8e+06 Transitions= 1.12e+07 Memory=     4.980	t=      6.9 R=   1e+06
Depth=      24 States=    9e+06 Transitions= 1.29e+07 Memory=     4.980	t=     7.98 R=   1e+06
Depth=      24 States=    1e+07 Transitions= 1.45e+07 Memory=     4.980	t=     8.96 R=   1e+06
Depth=      24 States=  1.1e+07 Transitions= 1.63e+07 Memory=     4.980	t=     9.82 R=   1e+06

(Spin Version 6.4.6 -- 2 December 2016)
	+ Partial Order Reduction
	+ Reverse Transition Ordering
	+ Randomized Transition Ordering
	+ Randomized Process Ordering

Bit statespace search for:
	never claim         	- (none specified)
	assertion violations	+
	cycle checks       	- (disabled by -DSAFETY)
	invalid end states	+

State-vector 44 byte, depth reached 24, errors: 0
 11318726 states, stored
  5525465 states, matched
 16844191 transitions (= stored+matched)
        0 atomic steps

hash factor: 2.96451 (best if > 100.)

bits set per state: 1 (-k1)
random seed used: 0

Stats on memory usage (in Megabytes):
  690.840	equivalent memory usage for states (stored*(State-vector + overhead))
    4.000	memory used for hash array (-w25)
    0.076	memory used for bit stack
    0.687	memory used for DFS stack (-m10000)
    4.980	total actual memory usage


unreached in init
	multicore.pml:115, state 102, "-end-"
	(1 of 102 states)

pan: elapsed time 10.2 seconds
pan: rate 1111859.1 states/second
Depth=      24 States=    1e+06 Transitions= 1.25e+06 Memory=     2.980	t=     0.76 R=   1e+06
Depth=      24 States=    2e+06 Transitions= 2.57e+06 Memory=     2.980	t=     1.55 R=   1e+06
Depth=      24 States=    3e+06 Transitions=    4e+06 Memory=     2.980	t=     2.36 R=   1e+06
Depth=      24 States=    4e+06 Transitions= 5.49e+06 Memory=     2.980	t=     3.12 R=   1e+06
Depth=      24 States=    5e+06 Transitions= 7.08e+06 Memory=     2.980	t=     3.95 R=   1e+06
Depth=      24 States=    6e+06 Transitions=  8.8e+06 Memory=     2.980	t=     4.89 R=   1e+06

(Spin Version 6.4.6 -- 2 December 2016)
	+ Partial Order Reduction
	+ Reverse Transition Ordering
	+ Randomized Transition Ordering
	+ Randomized Process Ordering

Bit statespace search for:
	never claim         	- (none specified)
	assertion violations	+
	cycle checks       	- (disabled by -DSAFETY)
	invalid end states	+

State-vector 44 byte, depth reached 24, errors: 0
  6713383 states, stored
  3394665 states, matched
 10108048 transitions (= stored+matched)
        0 atomic steps

hash factor: 2.49907 (best if > 100.)

bits set per state: 1 (-k1)
random seed used: 0

Stats on memory usage (in Megabytes):
  409.752	equivalent memory usage for states (stored*(State-vector + overhead))
    2.000	memory used for hash array (-w24)
    0.076	memory used for bit stack
    0.687	memory used for DFS stack (-m10000)
    2.980	total actual memory usage


unreached in init
	multicore.pml:115, state 102, "-end-"
	(1 of 102 states)

pan: elapsed time 5.6 seconds
pan: rate 1198818.4 states/second
Depth=      24 States=    1e+06 Transitions= 1.27e+06 Memory=     1.980	t=     0.71 R=   1e+06
Depth=      24 States=    2e+06 Transitions= 2.69e+06 Memory=     1.980	t=     1.51 R=   1e+06
Depth=      24 States=    3e+06 Transitions=  4.3e+06 Memory=     1.980	t=     2.42 R=   1e+06
Depth=      24 States=    4e+06 Transitions= 6.19e+06 Memory=     1.980	t=     3.22 R=   1e+06

(Spin Version 6.4.6 -- 2 December 2016)
	+ Partial Order Reduction
	+ Reverse Transition Ordering
	+ Randomized Transition Ordering
	+ Randomized Process Ordering

Bit statespace search for:
	never claim         	- (none specified)
	assertion violations	+
	cycle checks       	- (disabled by -DSAFETY)
	invalid end states	+

State-vector 44 byte, depth reached 24, errors: 0
  4027561 states, stored
  2217209 states, matched
  6244770 transitions (= stored+matched)
        0 atomic steps

hash factor: 2.0828 (best if > 100.)

bits set per state: 1 (-k1)
random seed used: 0

Stats on memory usage (in Megabytes):
  245.823	equivalent memory usage for states (stored*(State-vector + overhead))
    1.000	memory used for hash array (-w23)
    0.076	memory used for bit stack
    0.687	memory used for DFS stack (-m10000)
    1.980	total actual memory usage


unreached in init
	multicore.pml:115, state 102, "-end-"
	(1 of 102 states)

pan: elapsed time 3.25 seconds
pan: rate 1239249.5 states/second
Depth=      24 States=    1e+06 Transitions=  1.5e+06 Memory=     1.230	t=     0.71 R=   1e+06

(Spin Version 6.4.6 -- 2 December 2016)
	+ Partial Order Reduction
	+ Reverse Transition Ordering
	+ Randomized Transition Ordering
	+ Randomized Process Ordering

Bit statespace search for:
	never claim         	- (none specified)
	assertion violations	+
	cycle checks       	- (disabled by -DSAFETY)
	invalid end states	+

State-vector 44 byte, depth reached 24, errors: 0
  1096948 states, stored
   605681 states, matched
  1702629 transitions (= stored+matched)
        0 atomic steps

hash factor: 1.91181 (best if > 100.)

bits set per state: 1 (-k1)
random seed used: 0

Stats on memory usage (in Megabytes):
   66.952	equivalent memory usage for states (stored*(State-vector + overhead))
    0.250	memory used for hash array (-w21)
    0.076	memory used for bit stack
    0.687	memory used for DFS stack (-m10000)
    1.230	total actual memory usage


unreached in init
	multicore.pml:115, state 102, "-end-"
	(1 of 102 states)

pan: elapsed time 0.79 seconds
pan: rate 1388541.8 states/second

(Spin Version 6.4.6 -- 2 December 2016)
	+ Partial Order Reduction
	+ Reverse Transition Ordering
	+ Randomized Transition Ordering
	+ Randomized Process Ordering

Bit statespace search for:
	never claim         	- (none specified)
	assertion violations	+
	cycle checks       	- (disabled by -DSAFETY)
	invalid end states	+

State-vector 44 byte, depth reached 24, errors: 0
   617375 states, stored
   381753 states, matched
   999128 transitions (= stored+matched)
        0 atomic steps

hash factor: 1.69844 (best if > 100.)

bits set per state: 1 (-k1)
random seed used: 0

Stats on memory usage (in Megabytes):
   37.682	equivalent memory usage for states (stored*(State-vector + overhead))
    0.125	memory used for hash array (-w20)
    0.076	memory used for bit stack
    0.687	memory used for DFS stack (-m10000)
    1.105	total actual memory usage


unreached in init
	multicore.pml:115, state 102, "-end-"
	(1 of 102 states)

pan: elapsed time 0.43 seconds
pan: rate 1435755.8 states/second

(Spin Version 6.4.6 -- 2 December 2016)
	+ Partial Order Reduction
	+ Reverse Transition Ordering
	+ Randomized Transition Ordering
	+ Randomized Process Ordering

Bit statespace search for:
	never claim         	- (none specified)
	assertion violations	+
	cycle checks       	- (disabled by -DSAFETY)
	invalid end states	+

State-vector 44 byte, depth reached 24, errors: 0
   339887 states, stored
   237985 states, matched
   577872 transitions (= stored+matched)
        0 atomic steps

hash factor: 1.54254 (best if > 100.)

bits set per state: 1 (-k1)
random seed used: 0

Stats on memory usage (in Megabytes):
   20.745	equivalent memory usage for states (stored*(State-vector + overhead))
    0.062	memory used for hash array (-w19)
    0.076	memory used for bit stack
    0.687	memory used for DFS stack (-m10000)
    0.980	total actual memory usage


unreached in init
	multicore.pml:115, state 102, "-end-"
	(1 of 102 states)

pan: elapsed time 0.25 seconds
pan: rate   1359548 states/second
