Depth=      24 States=    1e+06 Transitions= 1.23e+06 Memory=    64.980	t=     0.83 R=   1e+06
Depth=      24 States=    2e+06 Transitions= 2.47e+06 Memory=    64.980	t=     1.77 R=   1e+06
Depth=      24 States=    3e+06 Transitions= 3.78e+06 Memory=    64.980	t=     2.67 R=   1e+06
Depth=      24 States=    4e+06 Transitions=  5.1e+06 Memory=    64.980	t=     3.57 R=   1e+06
Depth=      24 States=    5e+06 Transitions= 6.42e+06 Memory=    64.980	t=     4.61 R=   1e+06
Depth=      24 States=    6e+06 Transitions= 7.75e+06 Memory=    64.980	t=     5.93 R=   1e+06
Depth=      24 States=    7e+06 Transitions= 9.08e+06 Memory=    64.980	t=     7.27 R=   1e+06
Depth=      24 States=    8e+06 Transitions= 1.04e+07 Memory=    64.980	t=     8.41 R=   1e+06
Depth=      24 States=    9e+06 Transitions= 1.17e+07 Memory=    64.980	t=     9.75 R=   9e+05
Depth=      24 States=    1e+07 Transitions= 1.31e+07 Memory=    64.980	t=       11 R=   9e+05
Depth=      24 States=  1.1e+07 Transitions= 1.44e+07 Memory=    64.980	t=     12.1 R=   9e+05
Depth=      24 States=  1.2e+07 Transitions= 1.57e+07 Memory=    64.980	t=     13.2 R=   9e+05
Depth=      24 States=  1.3e+07 Transitions= 1.71e+07 Memory=    64.980	t=     14.1 R=   9e+05
Depth=      24 States=  1.4e+07 Transitions= 1.84e+07 Memory=    64.980	t=       15 R=   9e+05
Depth=      24 States=  1.5e+07 Transitions= 1.99e+07 Memory=    64.980	t=     15.9 R=   9e+05
Depth=      24 States=  1.6e+07 Transitions= 2.13e+07 Memory=    64.980	t=     16.8 R=   1e+06
Depth=      24 States=  1.7e+07 Transitions= 2.28e+07 Memory=    64.980	t=     17.9 R=   1e+06
Depth=      24 States=  1.8e+07 Transitions= 2.43e+07 Memory=    64.980	t=     19.1 R=   9e+05
Depth=      24 States=  1.9e+07 Transitions= 2.58e+07 Memory=    64.980	t=     20.2 R=   9e+05
Depth=      24 States=    2e+07 Transitions= 2.72e+07 Memory=    64.980	t=     21.4 R=   9e+05
Depth=      24 States=  2.1e+07 Transitions= 2.87e+07 Memory=    64.980	t=     22.5 R=   9e+05
Depth=      24 States=  2.2e+07 Transitions= 3.02e+07 Memory=    64.980	t=     23.4 R=   9e+05
Depth=      24 States=  2.3e+07 Transitions= 3.17e+07 Memory=    64.980	t=     24.5 R=   9e+05
Depth=      24 States=  2.4e+07 Transitions= 3.32e+07 Memory=    64.980	t=     25.6 R=   9e+05
Depth=      24 States=  2.5e+07 Transitions= 3.47e+07 Memory=    64.980	t=     26.8 R=   9e+05
Depth=      24 States=  2.6e+07 Transitions= 3.62e+07 Memory=    64.980	t=     28.1 R=   9e+05
Depth=      24 States=  2.7e+07 Transitions= 3.77e+07 Memory=    64.980	t=     29.1 R=   9e+05
Depth=      24 States=  2.8e+07 Transitions= 3.92e+07 Memory=    64.980	t=     30.2 R=   9e+05
Depth=      24 States=  2.9e+07 Transitions= 4.07e+07 Memory=    64.980	t=     31.4 R=   9e+05
Depth=      24 States=    3e+07 Transitions= 4.22e+07 Memory=    64.980	t=     32.6 R=   9e+05
Depth=      24 States=  3.1e+07 Transitions= 4.37e+07 Memory=    64.980	t=     33.6 R=   9e+05
Depth=      24 States=  3.2e+07 Transitions= 4.52e+07 Memory=    64.980	t=     34.5 R=   9e+05
Depth=      24 States=  3.3e+07 Transitions= 4.68e+07 Memory=    64.980	t=     35.6 R=   9e+05
Depth=      24 States=  3.4e+07 Transitions= 4.83e+07 Memory=    64.980	t=     36.9 R=   9e+05
Depth=      24 States=  3.5e+07 Transitions= 4.98e+07 Memory=    64.980	t=       38 R=   9e+05
Depth=      24 States=  3.6e+07 Transitions= 5.13e+07 Memory=    64.980	t=       39 R=   9e+05
Depth=      24 States=  3.7e+07 Transitions= 5.28e+07 Memory=    64.980	t=       40 R=   9e+05
Depth=      24 States=  3.8e+07 Transitions= 5.44e+07 Memory=    64.980	t=     40.8 R=   9e+05
Depth=      24 States=  3.9e+07 Transitions= 5.59e+07 Memory=    64.980	t=     41.7 R=   9e+05
Depth=      24 States=    4e+07 Transitions= 5.74e+07 Memory=    64.980	t=     42.8 R=   9e+05
Depth=      24 States=  4.1e+07 Transitions= 5.89e+07 Memory=    64.980	t=     44.1 R=   9e+05
Depth=      24 States=  4.2e+07 Transitions= 6.05e+07 Memory=    64.980	t=     45.2 R=   9e+05
Depth=      24 States=  4.3e+07 Transitions=  6.2e+07 Memory=    64.980	t=     46.4 R=   9e+05
Depth=      24 States=  4.4e+07 Transitions= 6.35e+07 Memory=    64.980	t=     47.6 R=   9e+05
Depth=      24 States=  4.5e+07 Transitions= 6.51e+07 Memory=    64.980	t=       49 R=   9e+05
Depth=      24 States=  4.6e+07 Transitions= 6.66e+07 Memory=    64.980	t=     50.5 R=   9e+05
Depth=      24 States=  4.7e+07 Transitions= 6.82e+07 Memory=    64.980	t=     51.5 R=   9e+05
Depth=      24 States=  4.8e+07 Transitions= 6.97e+07 Memory=    64.980	t=     52.5 R=   9e+05
Depth=      24 States=  4.9e+07 Transitions= 7.12e+07 Memory=    64.980	t=     53.3 R=   9e+05
Depth=      24 States=    5e+07 Transitions= 7.28e+07 Memory=    64.980	t=     54.1 R=   9e+05
Depth=      24 States=  5.1e+07 Transitions= 7.43e+07 Memory=    64.980	t=     54.9 R=   9e+05
Depth=      24 States=  5.2e+07 Transitions= 7.59e+07 Memory=    64.980	t=     55.7 R=   9e+05
Depth=      24 States=  5.3e+07 Transitions= 7.74e+07 Memory=    64.980	t=     56.6 R=   9e+05
Depth=      24 States=  5.4e+07 Transitions=  7.9e+07 Memory=    64.980	t=     57.6 R=   9e+05
Depth=      24 States=  5.5e+07 Transitions= 8.05e+07 Memory=    64.980	t=     58.8 R=   9e+05
Depth=      24 States=  5.6e+07 Transitions= 8.21e+07 Memory=    64.980	t=     59.6 R=   9e+05
Depth=      24 States=  5.7e+07 Transitions= 8.37e+07 Memory=    64.980	t=     60.7 R=   9e+05
Depth=      24 States=  5.8e+07 Transitions= 8.52e+07 Memory=    64.980	t=     61.6 R=   9e+05
Depth=      24 States=  5.9e+07 Transitions= 8.68e+07 Memory=    64.980	t=     62.8 R=   9e+05

(Spin Version 6.4.6 -- 2 December 2016)
	+ Partial Order Reduction
	+ Reverse Depth-First Search Order
	+ Randomized Transition Ordering
	+ Randomized Process Ordering

Bit statespace search for:
	never claim         	- (none specified)
	assertion violations	+
	cycle checks       	- (disabled by -DSAFETY)
	invalid end states	+

State-vector 44 byte, depth reached 24, errors: 0
 59338589 states, stored
 27960321 states, matched
 87298910 transitions (= stored+matched)
        0 atomic steps

hash factor: 9.04758 (best if > 100.)

bits set per state: 1 (-k1)
random seed used: 0

Stats on memory usage (in Megabytes):
 3621.740	equivalent memory usage for states (stored*(State-vector + overhead))
   64.000	memory used for hash array (-w29)
    0.076	memory used for bit stack
    0.687	memory used for DFS stack (-m10000)
   64.980	total actual memory usage


unreached in init
	multicore.pml:115, state 102, "-end-"
	(1 of 102 states)

pan: elapsed time 63.2 seconds
pan: rate 939198.94 states/second
Depth=      24 States=    1e+06 Transitions= 1.23e+06 Memory=    32.980	t=     0.98 R=   1e+06
Depth=      24 States=    2e+06 Transitions= 2.47e+06 Memory=    32.980	t=     1.91 R=   1e+06
Depth=      24 States=    3e+06 Transitions= 3.78e+06 Memory=    32.980	t=     2.89 R=   1e+06
Depth=      24 States=    4e+06 Transitions= 5.11e+06 Memory=    32.980	t=      3.8 R=   1e+06
Depth=      24 States=    5e+06 Transitions= 6.44e+06 Memory=    32.980	t=     4.69 R=   1e+06
Depth=      24 States=    6e+06 Transitions= 7.77e+06 Memory=    32.980	t=     5.66 R=   1e+06
Depth=      24 States=    7e+06 Transitions= 9.11e+06 Memory=    32.980	t=     6.88 R=   1e+06
Depth=      24 States=    8e+06 Transitions= 1.04e+07 Memory=    32.980	t=     7.81 R=   1e+06
Depth=      24 States=    9e+06 Transitions= 1.18e+07 Memory=    32.980	t=     8.76 R=   1e+06
Depth=      24 States=    1e+07 Transitions= 1.31e+07 Memory=    32.980	t=     9.68 R=   1e+06
Depth=      24 States=  1.1e+07 Transitions= 1.45e+07 Memory=    32.980	t=     10.8 R=   1e+06
Depth=      24 States=  1.2e+07 Transitions= 1.58e+07 Memory=    32.980	t=     11.8 R=   1e+06
Depth=      24 States=  1.3e+07 Transitions= 1.72e+07 Memory=    32.980	t=     12.6 R=   1e+06
Depth=      24 States=  1.4e+07 Transitions= 1.86e+07 Memory=    32.980	t=     13.3 R=   1e+06
Depth=      24 States=  1.5e+07 Transitions= 2.01e+07 Memory=    32.980	t=       14 R=   1e+06
Depth=      24 States=  1.6e+07 Transitions= 2.16e+07 Memory=    32.980	t=     14.9 R=   1e+06
Depth=      24 States=  1.7e+07 Transitions= 2.31e+07 Memory=    32.980	t=     15.8 R=   1e+06
Depth=      24 States=  1.8e+07 Transitions= 2.46e+07 Memory=    32.980	t=       17 R=   1e+06
Depth=      24 States=  1.9e+07 Transitions= 2.61e+07 Memory=    32.980	t=       18 R=   1e+06
Depth=      24 States=    2e+07 Transitions= 2.76e+07 Memory=    32.980	t=     18.8 R=   1e+06
Depth=      24 States=  2.1e+07 Transitions= 2.91e+07 Memory=    32.980	t=     19.9 R=   1e+06
Depth=      24 States=  2.2e+07 Transitions= 3.06e+07 Memory=    32.980	t=       21 R=   1e+06
Depth=      24 States=  2.3e+07 Transitions= 3.21e+07 Memory=    32.980	t=     22.1 R=   1e+06
Depth=      24 States=  2.4e+07 Transitions= 3.37e+07 Memory=    32.980	t=     23.2 R=   1e+06
Depth=      24 States=  2.5e+07 Transitions= 3.52e+07 Memory=    32.980	t=     24.3 R=   1e+06
Depth=      24 States=  2.6e+07 Transitions= 3.67e+07 Memory=    32.980	t=     25.2 R=   1e+06
Depth=      24 States=  2.7e+07 Transitions= 3.83e+07 Memory=    32.980	t=     26.1 R=   1e+06
Depth=      24 States=  2.8e+07 Transitions= 3.98e+07 Memory=    32.980	t=     27.1 R=   1e+06
Depth=      24 States=  2.9e+07 Transitions= 4.14e+07 Memory=    32.980	t=     28.2 R=   1e+06
Depth=      24 States=    3e+07 Transitions= 4.29e+07 Memory=    32.980	t=     29.2 R=   1e+06
Depth=      24 States=  3.1e+07 Transitions= 4.45e+07 Memory=    32.980	t=     30.1 R=   1e+06
Depth=      24 States=  3.2e+07 Transitions=  4.6e+07 Memory=    32.980	t=     31.1 R=   1e+06
Depth=      24 States=  3.3e+07 Transitions= 4.76e+07 Memory=    32.980	t=     32.4 R=   1e+06
Depth=      24 States=  3.4e+07 Transitions= 4.92e+07 Memory=    32.980	t=       34 R=   1e+06
Depth=      24 States=  3.5e+07 Transitions= 5.08e+07 Memory=    32.980	t=       35 R=   1e+06
Depth=      24 States=  3.6e+07 Transitions= 5.23e+07 Memory=    32.980	t=       36 R=   1e+06
Depth=      24 States=  3.7e+07 Transitions= 5.39e+07 Memory=    32.980	t=     37.6 R=   1e+06
Depth=      24 States=  3.8e+07 Transitions= 5.55e+07 Memory=    32.980	t=     39.7 R=   1e+06
Depth=      24 States=  3.9e+07 Transitions= 5.71e+07 Memory=    32.980	t=     41.1 R=   9e+05
Depth=      24 States=    4e+07 Transitions= 5.87e+07 Memory=    32.980	t=       42 R=   1e+06
Depth=      24 States=  4.1e+07 Transitions= 6.03e+07 Memory=    32.980	t=     43.4 R=   9e+05
Depth=      24 States=  4.2e+07 Transitions= 6.19e+07 Memory=    32.980	t=     45.3 R=   9e+05
Depth=      24 States=  4.3e+07 Transitions= 6.35e+07 Memory=    32.980	t=     46.4 R=   9e+05

(Spin Version 6.4.6 -- 2 December 2016)
	+ Partial Order Reduction
	+ Reverse Depth-First Search Order
	+ Randomized Transition Ordering
	+ Randomized Process Ordering

Bit statespace search for:
	never claim         	- (none specified)
	assertion violations	+
	cycle checks       	- (disabled by -DSAFETY)
	invalid end states	+

State-vector 44 byte, depth reached 24, errors: 0
 43847666 states, stored
 21034465 states, matched
 64882131 transitions (= stored+matched)
        0 atomic steps

hash factor: 6.122 (best if > 100.)

bits set per state: 1 (-k1)
random seed used: 0

Stats on memory usage (in Megabytes):
 2676.249	equivalent memory usage for states (stored*(State-vector + overhead))
   32.000	memory used for hash array (-w28)
    0.076	memory used for bit stack
    0.687	memory used for DFS stack (-m10000)
   32.980	total actual memory usage


unreached in init
	multicore.pml:115, state 102, "-end-"
	(1 of 102 states)

pan: elapsed time 47.2 seconds
pan: rate 927992.93 states/second
Depth=      24 States=    1e+06 Transitions= 1.23e+06 Memory=    16.980	t=     0.95 R=   1e+06
Depth=      24 States=    2e+06 Transitions= 2.48e+06 Memory=    16.980	t=     1.92 R=   1e+06
Depth=      24 States=    3e+06 Transitions= 3.79e+06 Memory=    16.980	t=     3.22 R=   9e+05
Depth=      24 States=    4e+06 Transitions= 5.13e+06 Memory=    16.980	t=     4.25 R=   9e+05
Depth=      24 States=    5e+06 Transitions= 6.47e+06 Memory=    16.980	t=      5.2 R=   1e+06
Depth=      24 States=    6e+06 Transitions= 7.82e+06 Memory=    16.980	t=     6.27 R=   1e+06
Depth=      24 States=    7e+06 Transitions= 9.17e+06 Memory=    16.980	t=     7.27 R=   1e+06
Depth=      24 States=    8e+06 Transitions= 1.05e+07 Memory=    16.980	t=      8.5 R=   9e+05
Depth=      24 States=    9e+06 Transitions= 1.19e+07 Memory=    16.980	t=     9.99 R=   9e+05
Depth=      24 States=    1e+07 Transitions= 1.33e+07 Memory=    16.980	t=     10.9 R=   9e+05
Depth=      24 States=  1.1e+07 Transitions= 1.46e+07 Memory=    16.980	t=     12.4 R=   9e+05
Depth=      24 States=  1.2e+07 Transitions= 1.61e+07 Memory=    16.980	t=     13.6 R=   9e+05
Depth=      24 States=  1.3e+07 Transitions= 1.76e+07 Memory=    16.980	t=     14.7 R=   9e+05
Depth=      24 States=  1.4e+07 Transitions= 1.91e+07 Memory=    16.980	t=     15.8 R=   9e+05
Depth=      24 States=  1.5e+07 Transitions= 2.06e+07 Memory=    16.980	t=       17 R=   9e+05
Depth=      24 States=  1.6e+07 Transitions= 2.21e+07 Memory=    16.980	t=     18.5 R=   9e+05
Depth=      24 States=  1.7e+07 Transitions= 2.36e+07 Memory=    16.980	t=     19.5 R=   9e+05
Depth=      24 States=  1.8e+07 Transitions= 2.52e+07 Memory=    16.980	t=     20.4 R=   9e+05
Depth=      24 States=  1.9e+07 Transitions= 2.67e+07 Memory=    16.980	t=     21.7 R=   9e+05
Depth=      24 States=    2e+07 Transitions= 2.83e+07 Memory=    16.980	t=     22.8 R=   9e+05
Depth=      24 States=  2.1e+07 Transitions= 2.99e+07 Memory=    16.980	t=     23.9 R=   9e+05
Depth=      24 States=  2.2e+07 Transitions= 3.14e+07 Memory=    16.980	t=     25.3 R=   9e+05
Depth=      24 States=  2.3e+07 Transitions= 3.31e+07 Memory=    16.980	t=     26.6 R=   9e+05
Depth=      24 States=  2.4e+07 Transitions= 3.47e+07 Memory=    16.980	t=     27.6 R=   9e+05
Depth=      24 States=  2.5e+07 Transitions= 3.63e+07 Memory=    16.980	t=     28.8 R=   9e+05
Depth=      24 States=  2.6e+07 Transitions= 3.79e+07 Memory=    16.980	t=     30.2 R=   9e+05
Depth=      24 States=  2.7e+07 Transitions= 3.96e+07 Memory=    16.980	t=     31.3 R=   9e+05
Depth=      24 States=  2.8e+07 Transitions= 4.12e+07 Memory=    16.980	t=     32.4 R=   9e+05
Depth=      24 States=  2.9e+07 Transitions= 4.29e+07 Memory=    16.980	t=     33.4 R=   9e+05
Depth=      24 States=    3e+07 Transitions= 4.45e+07 Memory=    16.980	t=     34.7 R=   9e+05
Depth=      24 States=  3.1e+07 Transitions= 4.62e+07 Memory=    16.980	t=     36.2 R=   9e+05

(Spin Version 6.4.6 -- 2 December 2016)
	+ Partial Order Reduction
	+ Reverse Depth-First Search Order
	+ Randomized Transition Ordering
	+ Randomized Process Ordering

Bit statespace search for:
	never claim         	- (none specified)
	assertion violations	+
	cycle checks       	- (disabled by -DSAFETY)
	invalid end states	+

State-vector 44 byte, depth reached 24, errors: 0
 31802679 states, stored
 15776737 states, matched
 47579416 transitions (= stored+matched)
        0 atomic steps

hash factor: 4.22033 (best if > 100.)

bits set per state: 1 (-k1)
random seed used: 0

Stats on memory usage (in Megabytes):
 1941.081	equivalent memory usage for states (stored*(State-vector + overhead))
   16.000	memory used for hash array (-w27)
    0.076	memory used for bit stack
    0.687	memory used for DFS stack (-m10000)
   16.980	total actual memory usage


unreached in init
	multicore.pml:115, state 102, "-end-"
	(1 of 102 states)

pan: elapsed time 37.2 seconds
pan: rate 854221.84 states/second
Depth=      24 States=    1e+06 Transitions= 1.23e+06 Memory=     8.980	t=     0.81 R=   1e+06
Depth=      24 States=    2e+06 Transitions= 2.49e+06 Memory=     8.980	t=     1.58 R=   1e+06
Depth=      24 States=    3e+06 Transitions= 3.82e+06 Memory=     8.980	t=     2.56 R=   1e+06
Depth=      24 States=    4e+06 Transitions= 5.17e+06 Memory=     8.980	t=     3.52 R=   1e+06
Depth=      24 States=    5e+06 Transitions= 6.54e+06 Memory=     8.980	t=     4.47 R=   1e+06
Depth=      24 States=    6e+06 Transitions= 7.92e+06 Memory=     8.980	t=     5.39 R=   1e+06
Depth=      24 States=    7e+06 Transitions= 9.31e+06 Memory=     8.980	t=     6.28 R=   1e+06
Depth=      24 States=    8e+06 Transitions= 1.07e+07 Memory=     8.980	t=     7.24 R=   1e+06
Depth=      24 States=    9e+06 Transitions= 1.21e+07 Memory=     8.980	t=     8.35 R=   1e+06
Depth=      24 States=    1e+07 Transitions= 1.37e+07 Memory=     8.980	t=     9.34 R=   1e+06
Depth=      24 States=  1.1e+07 Transitions= 1.52e+07 Memory=     8.980	t=     10.3 R=   1e+06
Depth=      24 States=  1.2e+07 Transitions= 1.67e+07 Memory=     8.980	t=     11.2 R=   1e+06
Depth=      24 States=  1.3e+07 Transitions= 1.83e+07 Memory=     8.980	t=     12.3 R=   1e+06
Depth=      24 States=  1.4e+07 Transitions= 1.98e+07 Memory=     8.980	t=     13.3 R=   1e+06
Depth=      24 States=  1.5e+07 Transitions= 2.15e+07 Memory=     8.980	t=     14.3 R=   1e+06
Depth=      24 States=  1.6e+07 Transitions= 2.31e+07 Memory=     8.980	t=     15.3 R=   1e+06
Depth=      24 States=  1.7e+07 Transitions= 2.48e+07 Memory=     8.980	t=     16.2 R=   1e+06
Depth=      24 States=  1.8e+07 Transitions= 2.65e+07 Memory=     8.980	t=     17.3 R=   1e+06
Depth=      24 States=  1.9e+07 Transitions= 2.82e+07 Memory=     8.980	t=     18.4 R=   1e+06
Depth=      24 States=    2e+07 Transitions=    3e+07 Memory=     8.980	t=     19.4 R=   1e+06

(Spin Version 6.4.6 -- 2 December 2016)
	+ Partial Order Reduction
	+ Reverse Depth-First Search Order
	+ Randomized Transition Ordering
	+ Randomized Process Ordering

Bit statespace search for:
	never claim         	- (none specified)
	assertion violations	+
	cycle checks       	- (disabled by -DSAFETY)
	invalid end states	+

State-vector 44 byte, depth reached 24, errors: 0
 20022094 states, stored
  9990321 states, matched
 30012415 transitions (= stored+matched)
        0 atomic steps

hash factor: 3.35174 (best if > 100.)

bits set per state: 1 (-k1)
random seed used: 0

Stats on memory usage (in Megabytes):
 1222.052	equivalent memory usage for states (stored*(State-vector + overhead))
    8.000	memory used for hash array (-w26)
    0.076	memory used for bit stack
    0.687	memory used for DFS stack (-m10000)
    8.980	total actual memory usage


unreached in init
	multicore.pml:115, state 102, "-end-"
	(1 of 102 states)

pan: elapsed time 19.4 seconds
pan: rate 1032066.7 states/second
Depth=      24 States=    1e+06 Transitions= 1.24e+06 Memory=     4.980	t=      0.8 R=   1e+06
Depth=      24 States=    2e+06 Transitions= 2.52e+06 Memory=     4.980	t=     1.59 R=   1e+06
Depth=      24 States=    3e+06 Transitions= 3.87e+06 Memory=     4.980	t=     2.47 R=   1e+06
Depth=      24 States=    4e+06 Transitions= 5.26e+06 Memory=     4.980	t=     3.33 R=   1e+06
Depth=      24 States=    5e+06 Transitions= 6.69e+06 Memory=     4.980	t=      4.1 R=   1e+06
Depth=      24 States=    6e+06 Transitions= 8.14e+06 Memory=     4.980	t=     5.02 R=   1e+06
Depth=      24 States=    7e+06 Transitions= 9.64e+06 Memory=     4.980	t=      5.9 R=   1e+06
Depth=      24 States=    8e+06 Transitions= 1.12e+07 Memory=     4.980	t=     6.85 R=   1e+06
Depth=      24 States=    9e+06 Transitions= 1.28e+07 Memory=     4.980	t=     7.79 R=   1e+06
Depth=      24 States=    1e+07 Transitions= 1.45e+07 Memory=     4.980	t=     8.83 R=   1e+06
Depth=      24 States=  1.1e+07 Transitions= 1.62e+07 Memory=     4.980	t=     9.94 R=   1e+06
Depth=      24 States=  1.2e+07 Transitions=  1.8e+07 Memory=     4.980	t=       11 R=   1e+06

(Spin Version 6.4.6 -- 2 December 2016)
	+ Partial Order Reduction
	+ Reverse Depth-First Search Order
	+ Randomized Transition Ordering
	+ Randomized Process Ordering

Bit statespace search for:
	never claim         	- (none specified)
	assertion violations	+
	cycle checks       	- (disabled by -DSAFETY)
	invalid end states	+

State-vector 44 byte, depth reached 24, errors: 0
 12120824 states, stored
  6142665 states, matched
 18263489 transitions (= stored+matched)
        0 atomic steps

hash factor: 2.76833 (best if > 100.)

bits set per state: 1 (-k1)
random seed used: 0

Stats on memory usage (in Megabytes):
  739.796	equivalent memory usage for states (stored*(State-vector + overhead))
    4.000	memory used for hash array (-w25)
    0.076	memory used for bit stack
    0.687	memory used for DFS stack (-m10000)
    4.980	total actual memory usage


unreached in init
	multicore.pml:115, state 102, "-end-"
	(1 of 102 states)

pan: elapsed time 11.2 seconds
pan: rate 1087069.4 states/second
Depth=      24 States=    1e+06 Transitions= 1.25e+06 Memory=     2.980	t=     0.72 R=   1e+06
Depth=      24 States=    2e+06 Transitions= 2.58e+06 Memory=     2.980	t=     1.53 R=   1e+06
Depth=      24 States=    3e+06 Transitions= 3.99e+06 Memory=     2.980	t=     2.41 R=   1e+06
Depth=      24 States=    4e+06 Transitions= 5.49e+06 Memory=     2.980	t=     3.32 R=   1e+06
Depth=      24 States=    5e+06 Transitions=  7.1e+06 Memory=     2.980	t=     4.27 R=   1e+06
Depth=      24 States=    6e+06 Transitions= 8.81e+06 Memory=     2.980	t=     5.21 R=   1e+06

(Spin Version 6.4.6 -- 2 December 2016)
	+ Partial Order Reduction
	+ Reverse Depth-First Search Order
	+ Randomized Transition Ordering
	+ Randomized Process Ordering

Bit statespace search for:
	never claim         	- (none specified)
	assertion violations	+
	cycle checks       	- (disabled by -DSAFETY)
	invalid end states	+

State-vector 44 byte, depth reached 24, errors: 0
  6975383 states, stored
  3631593 states, matched
 10606976 transitions (= stored+matched)
        0 atomic steps

hash factor: 2.4052 (best if > 100.)

bits set per state: 1 (-k1)
random seed used: 0

Stats on memory usage (in Megabytes):
  425.744	equivalent memory usage for states (stored*(State-vector + overhead))
    2.000	memory used for hash array (-w24)
    0.076	memory used for bit stack
    0.687	memory used for DFS stack (-m10000)
    2.980	total actual memory usage


unreached in init
	multicore.pml:115, state 102, "-end-"
	(1 of 102 states)

pan: elapsed time 6.29 seconds
pan: rate 1108963.9 states/second
Depth=      24 States=    1e+06 Transitions= 1.27e+06 Memory=     1.980	t=     0.73 R=   1e+06
Depth=      24 States=    2e+06 Transitions= 2.69e+06 Memory=     1.980	t=     1.53 R=   1e+06
Depth=      24 States=    3e+06 Transitions= 4.31e+06 Memory=     1.980	t=     2.46 R=   1e+06
Depth=      24 States=    4e+06 Transitions= 6.19e+06 Memory=     1.980	t=     3.45 R=   1e+06

(Spin Version 6.4.6 -- 2 December 2016)
	+ Partial Order Reduction
	+ Reverse Depth-First Search Order
	+ Randomized Transition Ordering
	+ Randomized Process Ordering

Bit statespace search for:
	never claim         	- (none specified)
	assertion violations	+
	cycle checks       	- (disabled by -DSAFETY)
	invalid end states	+

State-vector 44 byte, depth reached 24, errors: 0
  4006537 states, stored
  2201937 states, matched
  6208474 transitions (= stored+matched)
        0 atomic steps

hash factor: 2.09373 (best if > 100.)

bits set per state: 1 (-k1)
random seed used: 0

Stats on memory usage (in Megabytes):
  244.540	equivalent memory usage for states (stored*(State-vector + overhead))
    1.000	memory used for hash array (-w23)
    0.076	memory used for bit stack
    0.687	memory used for DFS stack (-m10000)
    1.980	total actual memory usage


unreached in init
	multicore.pml:115, state 102, "-end-"
	(1 of 102 states)

pan: elapsed time 3.46 seconds
pan: rate 1157958.7 states/second
Depth=      24 States=    1e+06 Transitions= 1.33e+06 Memory=     1.480	t=      0.8 R=   1e+06
Depth=      24 States=    2e+06 Transitions= 3.04e+06 Memory=     1.480	t=     1.85 R=   1e+06

(Spin Version 6.4.6 -- 2 December 2016)
	+ Partial Order Reduction
	+ Reverse Depth-First Search Order
	+ Randomized Transition Ordering
	+ Randomized Process Ordering

Bit statespace search for:
	never claim         	- (none specified)
	assertion violations	+
	cycle checks       	- (disabled by -DSAFETY)
	invalid end states	+

State-vector 44 byte, depth reached 24, errors: 0
  2210927 states, stored
  1278945 states, matched
  3489872 transitions (= stored+matched)
        0 atomic steps

hash factor: 1.89708 (best if > 100.)

bits set per state: 1 (-k1)
random seed used: 0

Stats on memory usage (in Megabytes):
  134.944	equivalent memory usage for states (stored*(State-vector + overhead))
    0.500	memory used for hash array (-w22)
    0.076	memory used for bit stack
    0.687	memory used for DFS stack (-m10000)
    1.480	total actual memory usage


unreached in init
	multicore.pml:115, state 102, "-end-"
	(1 of 102 states)

pan: elapsed time 2.13 seconds
pan: rate 1037993.9 states/second
Depth=      24 States=    1e+06 Transitions=  1.5e+06 Memory=     1.230	t=      0.6 R=   2e+06

(Spin Version 6.4.6 -- 2 December 2016)
	+ Partial Order Reduction
	+ Reverse Depth-First Search Order
	+ Randomized Transition Ordering
	+ Randomized Process Ordering

Bit statespace search for:
	never claim         	- (none specified)
	assertion violations	+
	cycle checks       	- (disabled by -DSAFETY)
	invalid end states	+

State-vector 44 byte, depth reached 24, errors: 0
  1119222 states, stored
   632313 states, matched
  1751535 transitions (= stored+matched)
        0 atomic steps

hash factor: 1.87376 (best if > 100.)

bits set per state: 1 (-k1)
random seed used: 0

Stats on memory usage (in Megabytes):
   68.312	equivalent memory usage for states (stored*(State-vector + overhead))
    0.250	memory used for hash array (-w21)
    0.076	memory used for bit stack
    0.687	memory used for DFS stack (-m10000)
    1.230	total actual memory usage


unreached in init
	multicore.pml:115, state 102, "-end-"
	(1 of 102 states)

pan: elapsed time 0.68 seconds
pan: rate 1645914.7 states/second

(Spin Version 6.4.6 -- 2 December 2016)
	+ Partial Order Reduction
	+ Reverse Depth-First Search Order
	+ Randomized Transition Ordering
	+ Randomized Process Ordering

Bit statespace search for:
	never claim         	- (none specified)
	assertion violations	+
	cycle checks       	- (disabled by -DSAFETY)
	invalid end states	+

State-vector 44 byte, depth reached 24, errors: 0
   612034 states, stored
   373673 states, matched
   985707 transitions (= stored+matched)
        0 atomic steps

hash factor: 1.71326 (best if > 100.)

bits set per state: 1 (-k1)
random seed used: 0

Stats on memory usage (in Megabytes):
   37.356	equivalent memory usage for states (stored*(State-vector + overhead))
    0.125	memory used for hash array (-w20)
    0.076	memory used for bit stack
    0.687	memory used for DFS stack (-m10000)
    1.105	total actual memory usage


unreached in init
	multicore.pml:115, state 102, "-end-"
	(1 of 102 states)

pan: elapsed time 0.45 seconds
pan: rate 1360075.6 states/second

(Spin Version 6.4.6 -- 2 December 2016)
	+ Partial Order Reduction
	+ Reverse Depth-First Search Order
	+ Randomized Transition Ordering
	+ Randomized Process Ordering

Bit statespace search for:
	never claim         	- (none specified)
	assertion violations	+
	cycle checks       	- (disabled by -DSAFETY)
	invalid end states	+

State-vector 44 byte, depth reached 24, errors: 0
   325172 states, stored
   212601 states, matched
   537773 transitions (= stored+matched)
        0 atomic steps

hash factor: 1.61234 (best if > 100.)

bits set per state: 1 (-k1)
random seed used: 0

Stats on memory usage (in Megabytes):
   19.847	equivalent memory usage for states (stored*(State-vector + overhead))
    0.062	memory used for hash array (-w19)
    0.076	memory used for bit stack
    0.687	memory used for DFS stack (-m10000)
    0.980	total actual memory usage


unreached in init
	multicore.pml:115, state 102, "-end-"
	(1 of 102 states)

pan: elapsed time 0.22 seconds
pan: rate 1478054.5 states/second
