Depth=      24 States=    1e+06 Transitions= 1.23e+06 Memory=   128.980	t=     1.04 R=   1e+06
Depth=      24 States=    2e+06 Transitions= 2.47e+06 Memory=   128.980	t=     2.06 R=   1e+06
Depth=      24 States=    3e+06 Transitions= 3.77e+06 Memory=   128.980	t=     2.93 R=   1e+06
Depth=      24 States=    4e+06 Transitions= 5.09e+06 Memory=   128.980	t=     4.19 R=   1e+06
Depth=      24 States=    5e+06 Transitions= 6.41e+06 Memory=   128.980	t=     5.32 R=   9e+05
Depth=      24 States=    6e+06 Transitions= 7.73e+06 Memory=   128.980	t=     6.26 R=   1e+06
Depth=      24 States=    7e+06 Transitions= 9.05e+06 Memory=   128.980	t=     7.49 R=   9e+05
Depth=      24 States=    8e+06 Transitions= 1.04e+07 Memory=   128.980	t=      8.8 R=   9e+05
Depth=      24 States=    9e+06 Transitions= 1.17e+07 Memory=   128.980	t=     10.2 R=   9e+05
Depth=      24 States=    1e+07 Transitions=  1.3e+07 Memory=   128.980	t=     11.7 R=   9e+05
Depth=      24 States=  1.1e+07 Transitions= 1.43e+07 Memory=   128.980	t=       13 R=   8e+05
Depth=      24 States=  1.2e+07 Transitions= 1.56e+07 Memory=   128.980	t=     14.1 R=   9e+05
Depth=      24 States=  1.3e+07 Transitions=  1.7e+07 Memory=   128.980	t=     15.2 R=   9e+05
Depth=      24 States=  1.4e+07 Transitions= 1.83e+07 Memory=   128.980	t=     16.2 R=   9e+05
Depth=      24 States=  1.5e+07 Transitions= 1.96e+07 Memory=   128.980	t=     17.6 R=   9e+05
Depth=      24 States=  1.6e+07 Transitions=  2.1e+07 Memory=   128.980	t=     18.9 R=   8e+05
Depth=      24 States=  1.7e+07 Transitions= 2.25e+07 Memory=   128.980	t=     20.3 R=   8e+05
Depth=      24 States=  1.8e+07 Transitions= 2.39e+07 Memory=   128.980	t=     21.8 R=   8e+05
Depth=      24 States=  1.9e+07 Transitions= 2.54e+07 Memory=   128.980	t=       23 R=   8e+05
Depth=      24 States=    2e+07 Transitions= 2.69e+07 Memory=   128.980	t=     24.4 R=   8e+05
Depth=      24 States=  2.1e+07 Transitions= 2.84e+07 Memory=   128.980	t=     25.8 R=   8e+05
Depth=      24 States=  2.2e+07 Transitions= 2.98e+07 Memory=   128.980	t=     27.4 R=   8e+05
Depth=      24 States=  2.3e+07 Transitions= 3.13e+07 Memory=   128.980	t=     29.2 R=   8e+05
Depth=      24 States=  2.4e+07 Transitions= 3.28e+07 Memory=   128.980	t=     30.6 R=   8e+05
Depth=      24 States=  2.5e+07 Transitions= 3.42e+07 Memory=   128.980	t=     32.1 R=   8e+05
Depth=      24 States=  2.6e+07 Transitions= 3.57e+07 Memory=   128.980	t=     33.4 R=   8e+05
Depth=      24 States=  2.7e+07 Transitions= 3.72e+07 Memory=   128.980	t=     34.6 R=   8e+05
Depth=      24 States=  2.8e+07 Transitions= 3.86e+07 Memory=   128.980	t=     36.1 R=   8e+05
Depth=      24 States=  2.9e+07 Transitions= 4.01e+07 Memory=   128.980	t=     37.6 R=   8e+05
Depth=      24 States=    3e+07 Transitions= 4.16e+07 Memory=   128.980	t=     38.8 R=   8e+05
Depth=      24 States=  3.1e+07 Transitions= 4.31e+07 Memory=   128.980	t=     39.9 R=   8e+05
Depth=      24 States=  3.2e+07 Transitions= 4.45e+07 Memory=   128.980	t=       41 R=   8e+05
Depth=      24 States=  3.3e+07 Transitions=  4.6e+07 Memory=   128.980	t=     42.6 R=   8e+05
Depth=      24 States=  3.4e+07 Transitions= 4.75e+07 Memory=   128.980	t=     44.1 R=   8e+05
Depth=      24 States=  3.5e+07 Transitions= 4.89e+07 Memory=   128.980	t=     45.4 R=   8e+05
Depth=      24 States=  3.6e+07 Transitions= 5.04e+07 Memory=   128.980	t=     46.9 R=   8e+05
Depth=      24 States=  3.7e+07 Transitions= 5.19e+07 Memory=   128.980	t=     49.2 R=   8e+05
Depth=      24 States=  3.8e+07 Transitions= 5.34e+07 Memory=   128.980	t=     50.9 R=   7e+05
Depth=      24 States=  3.9e+07 Transitions= 5.48e+07 Memory=   128.980	t=     52.1 R=   7e+05
Depth=      24 States=    4e+07 Transitions= 5.63e+07 Memory=   128.980	t=     53.2 R=   8e+05
Depth=      24 States=  4.1e+07 Transitions= 5.78e+07 Memory=   128.980	t=     54.4 R=   8e+05
Depth=      24 States=  4.2e+07 Transitions= 5.92e+07 Memory=   128.980	t=     55.6 R=   8e+05
Depth=      24 States=  4.3e+07 Transitions= 6.07e+07 Memory=   128.980	t=     56.8 R=   8e+05
Depth=      24 States=  4.4e+07 Transitions= 6.22e+07 Memory=   128.980	t=     58.2 R=   8e+05
Depth=      24 States=  4.5e+07 Transitions= 6.37e+07 Memory=   128.980	t=     59.4 R=   8e+05
Depth=      24 States=  4.6e+07 Transitions= 6.51e+07 Memory=   128.980	t=     60.8 R=   8e+05
Depth=      24 States=  4.7e+07 Transitions= 6.66e+07 Memory=   128.980	t=     62.5 R=   8e+05
Depth=      24 States=  4.8e+07 Transitions= 6.81e+07 Memory=   128.980	t=     63.8 R=   8e+05
Depth=      24 States=  4.9e+07 Transitions= 6.95e+07 Memory=   128.980	t=     65.2 R=   8e+05
Depth=      24 States=    5e+07 Transitions=  7.1e+07 Memory=   128.980	t=     66.4 R=   8e+05
Depth=      24 States=  5.1e+07 Transitions= 7.25e+07 Memory=   128.980	t=     67.5 R=   8e+05
Depth=      24 States=  5.2e+07 Transitions=  7.4e+07 Memory=   128.980	t=     68.8 R=   8e+05
Depth=      24 States=  5.3e+07 Transitions= 7.54e+07 Memory=   128.980	t=     70.1 R=   8e+05
Depth=      24 States=  5.4e+07 Transitions= 7.69e+07 Memory=   128.980	t=     71.3 R=   8e+05
Depth=      24 States=  5.5e+07 Transitions= 7.84e+07 Memory=   128.980	t=     72.5 R=   8e+05
Depth=      24 States=  5.6e+07 Transitions= 7.99e+07 Memory=   128.980	t=     73.9 R=   8e+05
Depth=      24 States=  5.7e+07 Transitions= 8.13e+07 Memory=   128.980	t=     75.3 R=   8e+05
Depth=      24 States=  5.8e+07 Transitions= 8.28e+07 Memory=   128.980	t=     76.5 R=   8e+05
Depth=      24 States=  5.9e+07 Transitions= 8.43e+07 Memory=   128.980	t=     77.7 R=   8e+05
Depth=      24 States=    6e+07 Transitions= 8.57e+07 Memory=   128.980	t=     78.9 R=   8e+05
Depth=      24 States=  6.1e+07 Transitions= 8.72e+07 Memory=   128.980	t=     80.1 R=   8e+05
Depth=      24 States=  6.2e+07 Transitions= 8.87e+07 Memory=   128.980	t=     81.4 R=   8e+05
Depth=      24 States=  6.3e+07 Transitions= 9.02e+07 Memory=   128.980	t=     82.6 R=   8e+05
Depth=      24 States=  6.4e+07 Transitions= 9.16e+07 Memory=   128.980	t=       84 R=   8e+05
Depth=      24 States=  6.5e+07 Transitions= 9.31e+07 Memory=   128.980	t=     85.3 R=   8e+05
Depth=      24 States=  6.6e+07 Transitions= 9.46e+07 Memory=   128.980	t=     86.6 R=   8e+05
Depth=      24 States=  6.7e+07 Transitions= 9.61e+07 Memory=   128.980	t=     87.9 R=   8e+05
Depth=      24 States=  6.8e+07 Transitions= 9.75e+07 Memory=   128.980	t=     89.1 R=   8e+05
Depth=      24 States=  6.9e+07 Transitions=  9.9e+07 Memory=   128.980	t=     90.3 R=   8e+05
Depth=      24 States=    7e+07 Transitions=    1e+08 Memory=   128.980	t=     91.8 R=   8e+05
Depth=      24 States=  7.1e+07 Transitions= 1.02e+08 Memory=   128.980	t=       93 R=   8e+05
Depth=      24 States=  7.2e+07 Transitions= 1.03e+08 Memory=   128.980	t=     94.4 R=   8e+05
Depth=      24 States=  7.3e+07 Transitions= 1.05e+08 Memory=   128.980	t=     96.3 R=   8e+05
Depth=      24 States=  7.4e+07 Transitions= 1.06e+08 Memory=   128.980	t=     97.7 R=   8e+05
Depth=      24 States=  7.5e+07 Transitions= 1.08e+08 Memory=   128.980	t=       99 R=   8e+05
Depth=      24 States=  7.6e+07 Transitions= 1.09e+08 Memory=   128.980	t=      102 R=   7e+05
Depth=      24 States=  7.7e+07 Transitions= 1.11e+08 Memory=   128.980	t=      104 R=   7e+05
Depth=      24 States=  7.8e+07 Transitions= 1.12e+08 Memory=   128.980	t=      105 R=   7e+05
Depth=      24 States=  7.9e+07 Transitions= 1.14e+08 Memory=   128.980	t=      107 R=   7e+05
Depth=      24 States=    8e+07 Transitions= 1.15e+08 Memory=   128.980	t=      109 R=   7e+05
Depth=      24 States=  8.1e+07 Transitions= 1.17e+08 Memory=   128.980	t=      110 R=   7e+05
Depth=      24 States=  8.2e+07 Transitions= 1.18e+08 Memory=   128.980	t=      111 R=   7e+05
Depth=      24 States=  8.3e+07 Transitions=  1.2e+08 Memory=   128.980	t=      113 R=   7e+05
Depth=      24 States=  8.4e+07 Transitions= 1.21e+08 Memory=   128.980	t=      115 R=   7e+05
Depth=      24 States=  8.5e+07 Transitions= 1.23e+08 Memory=   128.980	t=      117 R=   7e+05
Depth=      24 States=  8.6e+07 Transitions= 1.24e+08 Memory=   128.980	t=      118 R=   7e+05
Depth=      24 States=  8.7e+07 Transitions= 1.26e+08 Memory=   128.980	t=      120 R=   7e+05
Depth=      24 States=  8.8e+07 Transitions= 1.27e+08 Memory=   128.980	t=      122 R=   7e+05
Depth=      24 States=  8.9e+07 Transitions= 1.29e+08 Memory=   128.980	t=      124 R=   7e+05
Depth=      24 States=    9e+07 Transitions=  1.3e+08 Memory=   128.980	t=      125 R=   7e+05
Depth=      24 States=  9.1e+07 Transitions= 1.31e+08 Memory=   128.980	t=      127 R=   7e+05
Depth=      24 States=  9.2e+07 Transitions= 1.33e+08 Memory=   128.980	t=      129 R=   7e+05
Depth=      24 States=  9.3e+07 Transitions= 1.34e+08 Memory=   128.980	t=      130 R=   7e+05
Depth=      24 States=  9.4e+07 Transitions= 1.36e+08 Memory=   128.980	t=      131 R=   7e+05

(Spin Version 6.4.6 -- 2 December 2016)
	+ Partial Order Reduction
	+ Reverse Transition Ordering
	+ Randomized Transition Ordering
	+ Randomized Process Ordering

Bit statespace search for:
	never claim         	- (none specified)
	assertion violations	+
	cycle checks       	- (disabled by -DSAFETY)
	invalid end states	+

State-vector 44 byte, depth reached 24, errors: 0
 94527065 states, stored
 42185545 states, matched
1.3671261e+08 transitions (= stored+matched)
        0 atomic steps

hash factor: 11.3591 (best if > 100.)

bits set per state: 3 (-k3)
random seed used: 0

Stats on memory usage (in Megabytes):
 5769.474	equivalent memory usage for states (stored*(State-vector + overhead))
  128.000	memory used for hash array (-w30)
    0.076	memory used for bit stack
    0.687	memory used for DFS stack (-m10000)
  128.980	total actual memory usage


unreached in init
	multicore.pml:115, state 102, "-end-"
	(1 of 102 states)

pan: elapsed time 132 seconds
pan: rate 714814.47 states/second
Depth=      24 States=    1e+06 Transitions= 1.23e+06 Memory=    32.980	t=     0.86 R=   1e+06
Depth=      24 States=    2e+06 Transitions= 2.47e+06 Memory=    32.980	t=      1.8 R=   1e+06
Depth=      24 States=    3e+06 Transitions= 3.78e+06 Memory=    32.980	t=     3.03 R=   1e+06
Depth=      24 States=    4e+06 Transitions= 5.11e+06 Memory=    32.980	t=     4.23 R=   9e+05
Depth=      24 States=    5e+06 Transitions= 6.44e+06 Memory=    32.980	t=      5.2 R=   1e+06
Depth=      24 States=    6e+06 Transitions= 7.77e+06 Memory=    32.980	t=     6.16 R=   1e+06
Depth=      24 States=    7e+06 Transitions= 9.11e+06 Memory=    32.980	t=     7.71 R=   9e+05
Depth=      24 States=    8e+06 Transitions= 1.04e+07 Memory=    32.980	t=     8.82 R=   9e+05
Depth=      24 States=    9e+06 Transitions= 1.18e+07 Memory=    32.980	t=      9.8 R=   9e+05
Depth=      24 States=    1e+07 Transitions= 1.31e+07 Memory=    32.980	t=     10.7 R=   9e+05
Depth=      24 States=  1.1e+07 Transitions= 1.45e+07 Memory=    32.980	t=     11.7 R=   9e+05
Depth=      24 States=  1.2e+07 Transitions= 1.58e+07 Memory=    32.980	t=     13.5 R=   9e+05
Depth=      24 States=  1.3e+07 Transitions= 1.72e+07 Memory=    32.980	t=     14.6 R=   9e+05
Depth=      24 States=  1.4e+07 Transitions= 1.87e+07 Memory=    32.980	t=     15.6 R=   9e+05
Depth=      24 States=  1.5e+07 Transitions= 2.01e+07 Memory=    32.980	t=     16.7 R=   9e+05
Depth=      24 States=  1.6e+07 Transitions= 2.16e+07 Memory=    32.980	t=     17.7 R=   9e+05
Depth=      24 States=  1.7e+07 Transitions= 2.31e+07 Memory=    32.980	t=     18.7 R=   9e+05
Depth=      24 States=  1.8e+07 Transitions= 2.45e+07 Memory=    32.980	t=     19.7 R=   9e+05
Depth=      24 States=  1.9e+07 Transitions= 2.61e+07 Memory=    32.980	t=     20.7 R=   9e+05
Depth=      24 States=    2e+07 Transitions= 2.76e+07 Memory=    32.980	t=     21.7 R=   9e+05
Depth=      24 States=  2.1e+07 Transitions= 2.91e+07 Memory=    32.980	t=     22.8 R=   9e+05
Depth=      24 States=  2.2e+07 Transitions= 3.06e+07 Memory=    32.980	t=     23.9 R=   9e+05
Depth=      24 States=  2.3e+07 Transitions= 3.21e+07 Memory=    32.980	t=     24.8 R=   9e+05
Depth=      24 States=  2.4e+07 Transitions= 3.36e+07 Memory=    32.980	t=     25.8 R=   9e+05
Depth=      24 States=  2.5e+07 Transitions= 3.52e+07 Memory=    32.980	t=     26.8 R=   9e+05
Depth=      24 States=  2.6e+07 Transitions= 3.67e+07 Memory=    32.980	t=     27.9 R=   9e+05
Depth=      24 States=  2.7e+07 Transitions= 3.83e+07 Memory=    32.980	t=     28.9 R=   9e+05
Depth=      24 States=  2.8e+07 Transitions= 3.98e+07 Memory=    32.980	t=     29.8 R=   9e+05
Depth=      24 States=  2.9e+07 Transitions= 4.14e+07 Memory=    32.980	t=     30.8 R=   9e+05
Depth=      24 States=    3e+07 Transitions= 4.29e+07 Memory=    32.980	t=     31.8 R=   9e+05
Depth=      24 States=  3.1e+07 Transitions= 4.45e+07 Memory=    32.980	t=     32.8 R=   9e+05
Depth=      24 States=  3.2e+07 Transitions=  4.6e+07 Memory=    32.980	t=     33.8 R=   9e+05
Depth=      24 States=  3.3e+07 Transitions= 4.76e+07 Memory=    32.980	t=     34.7 R=   1e+06
Depth=      24 States=  3.4e+07 Transitions= 4.92e+07 Memory=    32.980	t=     35.7 R=   1e+06
Depth=      24 States=  3.5e+07 Transitions= 5.08e+07 Memory=    32.980	t=     36.7 R=   1e+06
Depth=      24 States=  3.6e+07 Transitions= 5.23e+07 Memory=    32.980	t=     37.7 R=   1e+06
Depth=      24 States=  3.7e+07 Transitions= 5.39e+07 Memory=    32.980	t=     38.7 R=   1e+06
Depth=      24 States=  3.8e+07 Transitions= 5.55e+07 Memory=    32.980	t=     39.6 R=   1e+06
Depth=      24 States=  3.9e+07 Transitions= 5.71e+07 Memory=    32.980	t=     40.7 R=   1e+06
Depth=      24 States=    4e+07 Transitions= 5.87e+07 Memory=    32.980	t=     41.7 R=   1e+06
Depth=      24 States=  4.1e+07 Transitions= 6.03e+07 Memory=    32.980	t=     42.7 R=   1e+06
Depth=      24 States=  4.2e+07 Transitions= 6.19e+07 Memory=    32.980	t=     43.6 R=   1e+06
Depth=      24 States=  4.3e+07 Transitions= 6.35e+07 Memory=    32.980	t=     44.6 R=   1e+06
Depth=      24 States=  4.4e+07 Transitions= 6.51e+07 Memory=    32.980	t=     45.7 R=   1e+06

(Spin Version 6.4.6 -- 2 December 2016)
	+ Partial Order Reduction
	+ Reverse Transition Ordering
	+ Randomized Transition Ordering
	+ Randomized Process Ordering

Bit statespace search for:
	never claim         	- (none specified)
	assertion violations	+
	cycle checks       	- (disabled by -DSAFETY)
	invalid end states	+

State-vector 44 byte, depth reached 24, errors: 0
 44247179 states, stored
 21273617 states, matched
 65520796 transitions (= stored+matched)
        0 atomic steps

hash factor: 6.06672 (best if > 100.)

bits set per state: 1 (-k1)
random seed used: 0

Stats on memory usage (in Megabytes):
 2700.633	equivalent memory usage for states (stored*(State-vector + overhead))
   32.000	memory used for hash array (-w28)
    0.076	memory used for bit stack
    0.687	memory used for DFS stack (-m10000)
   32.980	total actual memory usage


unreached in init
	multicore.pml:115, state 102, "-end-"
	(1 of 102 states)

pan: elapsed time 45.9 seconds
pan: rate 964411.05 states/second
Depth=      24 States=    1e+06 Transitions= 1.23e+06 Memory=    16.980	t=     0.91 R=   1e+06
Depth=      24 States=    2e+06 Transitions= 2.48e+06 Memory=    16.980	t=     1.84 R=   1e+06
Depth=      24 States=    3e+06 Transitions= 3.79e+06 Memory=    16.980	t=     2.68 R=   1e+06
Depth=      24 States=    4e+06 Transitions= 5.13e+06 Memory=    16.980	t=     3.52 R=   1e+06
Depth=      24 States=    5e+06 Transitions= 6.47e+06 Memory=    16.980	t=     4.36 R=   1e+06
Depth=      24 States=    6e+06 Transitions= 7.82e+06 Memory=    16.980	t=     5.29 R=   1e+06
Depth=      24 States=    7e+06 Transitions= 9.17e+06 Memory=    16.980	t=     6.13 R=   1e+06
Depth=      24 States=    8e+06 Transitions= 1.05e+07 Memory=    16.980	t=     7.03 R=   1e+06
Depth=      24 States=    9e+06 Transitions= 1.19e+07 Memory=    16.980	t=     7.89 R=   1e+06
Depth=      24 States=    1e+07 Transitions= 1.33e+07 Memory=    16.980	t=     8.74 R=   1e+06
Depth=      24 States=  1.1e+07 Transitions= 1.47e+07 Memory=    16.980	t=     9.62 R=   1e+06
Depth=      24 States=  1.2e+07 Transitions= 1.62e+07 Memory=    16.980	t=     10.6 R=   1e+06
Depth=      24 States=  1.3e+07 Transitions= 1.77e+07 Memory=    16.980	t=     11.6 R=   1e+06
Depth=      24 States=  1.4e+07 Transitions= 1.92e+07 Memory=    16.980	t=     12.5 R=   1e+06
Depth=      24 States=  1.5e+07 Transitions= 2.06e+07 Memory=    16.980	t=     13.4 R=   1e+06
Depth=      24 States=  1.6e+07 Transitions= 2.21e+07 Memory=    16.980	t=     14.3 R=   1e+06
Depth=      24 States=  1.7e+07 Transitions= 2.36e+07 Memory=    16.980	t=     15.3 R=   1e+06
Depth=      24 States=  1.8e+07 Transitions= 2.52e+07 Memory=    16.980	t=     16.2 R=   1e+06
Depth=      24 States=  1.9e+07 Transitions= 2.67e+07 Memory=    16.980	t=       17 R=   1e+06
Depth=      24 States=    2e+07 Transitions= 2.83e+07 Memory=    16.980	t=     17.9 R=   1e+06
Depth=      24 States=  2.1e+07 Transitions= 2.99e+07 Memory=    16.980	t=     18.8 R=   1e+06
Depth=      24 States=  2.2e+07 Transitions= 3.15e+07 Memory=    16.980	t=     19.6 R=   1e+06
Depth=      24 States=  2.3e+07 Transitions= 3.31e+07 Memory=    16.980	t=     20.3 R=   1e+06
Depth=      24 States=  2.4e+07 Transitions= 3.47e+07 Memory=    16.980	t=     21.1 R=   1e+06
Depth=      24 States=  2.5e+07 Transitions= 3.63e+07 Memory=    16.980	t=     21.9 R=   1e+06
Depth=      24 States=  2.6e+07 Transitions= 3.79e+07 Memory=    16.980	t=     22.9 R=   1e+06
Depth=      24 States=  2.7e+07 Transitions= 3.96e+07 Memory=    16.980	t=     23.9 R=   1e+06
Depth=      24 States=  2.8e+07 Transitions= 4.12e+07 Memory=    16.980	t=     24.9 R=   1e+06
Depth=      24 States=  2.9e+07 Transitions= 4.29e+07 Memory=    16.980	t=       26 R=   1e+06

(Spin Version 6.4.6 -- 2 December 2016)
	+ Partial Order Reduction
	+ Reverse Transition Ordering
	+ Randomized Transition Ordering
	+ Randomized Process Ordering

Bit statespace search for:
	never claim         	- (none specified)
	assertion violations	+
	cycle checks       	- (disabled by -DSAFETY)
	invalid end states	+

State-vector 44 byte, depth reached 24, errors: 0
 29563925 states, stored
 14245833 states, matched
 43809758 transitions (= stored+matched)
        0 atomic steps

hash factor: 4.53992 (best if > 100.)

bits set per state: 1 (-k1)
random seed used: 0

Stats on memory usage (in Megabytes):
 1804.439	equivalent memory usage for states (stored*(State-vector + overhead))
   16.000	memory used for hash array (-w27)
    0.076	memory used for bit stack
    0.687	memory used for DFS stack (-m10000)
   16.980	total actual memory usage


unreached in init
	multicore.pml:115, state 102, "-end-"
	(1 of 102 states)

pan: elapsed time 26.4 seconds
pan: rate 1118151.5 states/second
Depth=      24 States=    1e+06 Transitions= 1.23e+06 Memory=     8.980	t=     1.04 R=   1e+06
Depth=      24 States=    2e+06 Transitions= 2.49e+06 Memory=     8.980	t=     1.71 R=   1e+06
Depth=      24 States=    3e+06 Transitions= 3.82e+06 Memory=     8.980	t=     2.39 R=   1e+06
Depth=      24 States=    4e+06 Transitions= 5.17e+06 Memory=     8.980	t=     3.03 R=   1e+06
Depth=      24 States=    5e+06 Transitions= 6.54e+06 Memory=     8.980	t=     3.75 R=   1e+06
Depth=      24 States=    6e+06 Transitions= 7.92e+06 Memory=     8.980	t=     4.47 R=   1e+06
Depth=      24 States=    7e+06 Transitions= 9.31e+06 Memory=     8.980	t=     5.22 R=   1e+06
Depth=      24 States=    8e+06 Transitions= 1.07e+07 Memory=     8.980	t=     5.91 R=   1e+06
Depth=      24 States=    9e+06 Transitions= 1.21e+07 Memory=     8.980	t=     6.72 R=   1e+06
Depth=      24 States=    1e+07 Transitions= 1.36e+07 Memory=     8.980	t=     7.51 R=   1e+06
Depth=      24 States=  1.1e+07 Transitions= 1.52e+07 Memory=     8.980	t=     8.43 R=   1e+06
Depth=      24 States=  1.2e+07 Transitions= 1.67e+07 Memory=     8.980	t=     9.35 R=   1e+06
Depth=      24 States=  1.3e+07 Transitions= 1.83e+07 Memory=     8.980	t=     10.3 R=   1e+06
Depth=      24 States=  1.4e+07 Transitions= 1.99e+07 Memory=     8.980	t=     11.2 R=   1e+06
Depth=      24 States=  1.5e+07 Transitions= 2.16e+07 Memory=     8.980	t=     12.2 R=   1e+06
Depth=      24 States=  1.6e+07 Transitions= 2.32e+07 Memory=     8.980	t=     13.3 R=   1e+06
Depth=      24 States=  1.7e+07 Transitions= 2.49e+07 Memory=     8.980	t=     14.3 R=   1e+06
Depth=      24 States=  1.8e+07 Transitions= 2.66e+07 Memory=     8.980	t=     15.3 R=   1e+06
Depth=      24 States=  1.9e+07 Transitions= 2.83e+07 Memory=     8.980	t=     16.1 R=   1e+06

(Spin Version 6.4.6 -- 2 December 2016)
	+ Partial Order Reduction
	+ Reverse Transition Ordering
	+ Randomized Transition Ordering
	+ Randomized Process Ordering

Bit statespace search for:
	never claim         	- (none specified)
	assertion violations	+
	cycle checks       	- (disabled by -DSAFETY)
	invalid end states	+

State-vector 44 byte, depth reached 24, errors: 0
 19836835 states, stored
  9886921 states, matched
 29723756 transitions (= stored+matched)
        0 atomic steps

hash factor: 3.38304 (best if > 100.)

bits set per state: 1 (-k1)
random seed used: 0

Stats on memory usage (in Megabytes):
 1210.744	equivalent memory usage for states (stored*(State-vector + overhead))
    8.000	memory used for hash array (-w26)
    0.076	memory used for bit stack
    0.687	memory used for DFS stack (-m10000)
    8.980	total actual memory usage


unreached in init
	multicore.pml:115, state 102, "-end-"
	(1 of 102 states)

pan: elapsed time 17 seconds
pan: rate 1166872.6 states/second
Depth=      24 States=    1e+06 Transitions= 1.24e+06 Memory=     4.980	t=     0.69 R=   1e+06
Depth=      24 States=    2e+06 Transitions= 2.52e+06 Memory=     4.980	t=     1.45 R=   1e+06
Depth=      24 States=    3e+06 Transitions= 3.87e+06 Memory=     4.980	t=     2.24 R=   1e+06
Depth=      24 States=    4e+06 Transitions= 5.26e+06 Memory=     4.980	t=     3.12 R=   1e+06
Depth=      24 States=    5e+06 Transitions= 6.69e+06 Memory=     4.980	t=     3.84 R=   1e+06
Depth=      24 States=    6e+06 Transitions= 8.14e+06 Memory=     4.980	t=      4.7 R=   1e+06
Depth=      24 States=    7e+06 Transitions= 9.65e+06 Memory=     4.980	t=     5.58 R=   1e+06
Depth=      24 States=    8e+06 Transitions= 1.12e+07 Memory=     4.980	t=     6.64 R=   1e+06
Depth=      24 States=    9e+06 Transitions= 1.29e+07 Memory=     4.980	t=      7.6 R=   1e+06
Depth=      24 States=    1e+07 Transitions= 1.45e+07 Memory=     4.980	t=     8.56 R=   1e+06
Depth=      24 States=  1.1e+07 Transitions= 1.63e+07 Memory=     4.980	t=     9.49 R=   1e+06

(Spin Version 6.4.6 -- 2 December 2016)
	+ Partial Order Reduction
	+ Reverse Transition Ordering
	+ Randomized Transition Ordering
	+ Randomized Process Ordering

Bit statespace search for:
	never claim         	- (none specified)
	assertion violations	+
	cycle checks       	- (disabled by -DSAFETY)
	invalid end states	+

State-vector 44 byte, depth reached 24, errors: 0
 11393308 states, stored
  5579633 states, matched
 16972941 transitions (= stored+matched)
        0 atomic steps

hash factor: 2.9451 (best if > 100.)

bits set per state: 1 (-k1)
random seed used: 0

Stats on memory usage (in Megabytes):
  695.392	equivalent memory usage for states (stored*(State-vector + overhead))
    4.000	memory used for hash array (-w25)
    0.076	memory used for bit stack
    0.687	memory used for DFS stack (-m10000)
    4.980	total actual memory usage


unreached in init
	multicore.pml:115, state 102, "-end-"
	(1 of 102 states)

pan: elapsed time 9.82 seconds
pan: rate 1160214.7 states/second
Depth=      24 States=    1e+06 Transitions= 1.25e+06 Memory=     2.980	t=     0.68 R=   1e+06
Depth=      24 States=    2e+06 Transitions= 2.57e+06 Memory=     2.980	t=     1.36 R=   1e+06
Depth=      24 States=    3e+06 Transitions= 3.99e+06 Memory=     2.980	t=     2.03 R=   1e+06
Depth=      24 States=    4e+06 Transitions= 5.49e+06 Memory=     2.980	t=     2.74 R=   1e+06
Depth=      24 States=    5e+06 Transitions=  7.1e+06 Memory=     2.980	t=     3.48 R=   1e+06
Depth=      24 States=    6e+06 Transitions= 8.81e+06 Memory=     2.980	t=     4.19 R=   1e+06

(Spin Version 6.4.6 -- 2 December 2016)
	+ Partial Order Reduction
	+ Reverse Transition Ordering
	+ Randomized Transition Ordering
	+ Randomized Process Ordering

Bit statespace search for:
	never claim         	- (none specified)
	assertion violations	+
	cycle checks       	- (disabled by -DSAFETY)
	invalid end states	+

State-vector 44 byte, depth reached 24, errors: 0
  6615213 states, stored
  3331697 states, matched
  9946910 transitions (= stored+matched)
        0 atomic steps

hash factor: 2.53616 (best if > 100.)

bits set per state: 1 (-k1)
random seed used: 0

Stats on memory usage (in Megabytes):
  403.761	equivalent memory usage for states (stored*(State-vector + overhead))
    2.000	memory used for hash array (-w24)
    0.076	memory used for bit stack
    0.687	memory used for DFS stack (-m10000)
    2.980	total actual memory usage


unreached in init
	multicore.pml:115, state 102, "-end-"
	(1 of 102 states)

pan: elapsed time 4.66 seconds
pan: rate 1419573.6 states/second
Depth=      24 States=    1e+06 Transitions= 1.27e+06 Memory=     1.980	t=      0.7 R=   1e+06
Depth=      24 States=    2e+06 Transitions= 2.69e+06 Memory=     1.980	t=     1.37 R=   1e+06
Depth=      24 States=    3e+06 Transitions=  4.3e+06 Memory=     1.980	t=     2.03 R=   1e+06

(Spin Version 6.4.6 -- 2 December 2016)
	+ Partial Order Reduction
	+ Reverse Transition Ordering
	+ Randomized Transition Ordering
	+ Randomized Process Ordering

Bit statespace search for:
	never claim         	- (none specified)
	assertion violations	+
	cycle checks       	- (disabled by -DSAFETY)
	invalid end states	+

State-vector 44 byte, depth reached 24, errors: 0
  3682441 states, stored
  1873689 states, matched
  5556130 transitions (= stored+matched)
        0 atomic steps

hash factor: 2.278 (best if > 100.)

bits set per state: 1 (-k1)
random seed used: 0

Stats on memory usage (in Megabytes):
  224.758	equivalent memory usage for states (stored*(State-vector + overhead))
    1.000	memory used for hash array (-w23)
    0.076	memory used for bit stack
    0.687	memory used for DFS stack (-m10000)
    1.980	total actual memory usage


unreached in init
	multicore.pml:115, state 102, "-end-"
	(1 of 102 states)

pan: elapsed time 2.54 seconds
pan: rate 1449779.9 states/second
Depth=      24 States=    1e+06 Transitions= 1.33e+06 Memory=     1.480	t=     0.61 R=   2e+06
Depth=      24 States=    2e+06 Transitions= 3.04e+06 Memory=     1.480	t=     1.43 R=   1e+06

(Spin Version 6.4.6 -- 2 December 2016)
	+ Partial Order Reduction
	+ Reverse Transition Ordering
	+ Randomized Transition Ordering
	+ Randomized Process Ordering

Bit statespace search for:
	never claim         	- (none specified)
	assertion violations	+
	cycle checks       	- (disabled by -DSAFETY)
	invalid end states	+

State-vector 44 byte, depth reached 24, errors: 0
  2066579 states, stored
  1112345 states, matched
  3178924 transitions (= stored+matched)
        0 atomic steps

hash factor: 2.02959 (best if > 100.)

bits set per state: 1 (-k1)
random seed used: 0

Stats on memory usage (in Megabytes):
  126.134	equivalent memory usage for states (stored*(State-vector + overhead))
    0.500	memory used for hash array (-w22)
    0.076	memory used for bit stack
    0.687	memory used for DFS stack (-m10000)
    1.480	total actual memory usage


unreached in init
	multicore.pml:115, state 102, "-end-"
	(1 of 102 states)

pan: elapsed time 1.48 seconds
pan: rate 1396337.2 states/second
Depth=      24 States=    1e+06 Transitions=  1.5e+06 Memory=     1.230	t=     0.65 R=   2e+06

(Spin Version 6.4.6 -- 2 December 2016)
	+ Partial Order Reduction
	+ Reverse Transition Ordering
	+ Randomized Transition Ordering
	+ Randomized Process Ordering

Bit statespace search for:
	never claim         	- (none specified)
	assertion violations	+
	cycle checks       	- (disabled by -DSAFETY)
	invalid end states	+

State-vector 44 byte, depth reached 24, errors: 0
  1162593 states, stored
   687121 states, matched
  1849714 transitions (= stored+matched)
        0 atomic steps

hash factor: 1.80386 (best if > 100.)

bits set per state: 1 (-k1)
random seed used: 0

Stats on memory usage (in Megabytes):
   70.959	equivalent memory usage for states (stored*(State-vector + overhead))
    0.250	memory used for hash array (-w21)
    0.076	memory used for bit stack
    0.687	memory used for DFS stack (-m10000)
    1.230	total actual memory usage


unreached in init
	multicore.pml:115, state 102, "-end-"
	(1 of 102 states)

pan: elapsed time 0.77 seconds
pan: rate   1509861 states/second

(Spin Version 6.4.6 -- 2 December 2016)
	+ Partial Order Reduction
	+ Reverse Transition Ordering
	+ Randomized Transition Ordering
	+ Randomized Process Ordering

Bit statespace search for:
	never claim         	- (none specified)
	assertion violations	+
	cycle checks       	- (disabled by -DSAFETY)
	invalid end states	+

State-vector 44 byte, depth reached 24, errors: 0
   627933 states, stored
   398785 states, matched
  1026718 transitions (= stored+matched)
        0 atomic steps

hash factor: 1.66989 (best if > 100.)

bits set per state: 1 (-k1)
random seed used: 0

Stats on memory usage (in Megabytes):
   38.326	equivalent memory usage for states (stored*(State-vector + overhead))
    0.125	memory used for hash array (-w20)
    0.076	memory used for bit stack
    0.687	memory used for DFS stack (-m10000)
    1.105	total actual memory usage


unreached in init
	multicore.pml:115, state 102, "-end-"
	(1 of 102 states)

pan: elapsed time 0.4 seconds
pan: rate 1569832.5 states/second

(Spin Version 6.4.6 -- 2 December 2016)
	+ Partial Order Reduction
	+ Reverse Transition Ordering
	+ Randomized Transition Ordering
	+ Randomized Process Ordering

Bit statespace search for:
	never claim         	- (none specified)
	assertion violations	+
	cycle checks       	- (disabled by -DSAFETY)
	invalid end states	+

State-vector 44 byte, depth reached 24, errors: 0
   335253 states, stored
   228977 states, matched
   564230 transitions (= stored+matched)
        0 atomic steps

hash factor: 1.56386 (best if > 100.)

bits set per state: 1 (-k1)
random seed used: 0

Stats on memory usage (in Megabytes):
   20.462	equivalent memory usage for states (stored*(State-vector + overhead))
    0.062	memory used for hash array (-w19)
    0.076	memory used for bit stack
    0.687	memory used for DFS stack (-m10000)
    0.980	total actual memory usage


unreached in init
	multicore.pml:115, state 102, "-end-"
	(1 of 102 states)

pan: elapsed time 0.27 seconds
pan: rate 1241677.8 states/second
